cur time 800
application: 0 memory_transfer: 0 memory_needed: 8
application: 1 memory_transfer: 8 memory_needed: 8
application: 2 memory_transfer: 8 memory_needed: 8
enter enough gpu memory state
prefetch id: 2's data
prefetch time: 800 computation time: 800
current application id: 0 ,quota: 800 memory used: 16
update application 0 7 100
update application 1 0 0
update application 2 0 0
............................................
application: 0 memory_transfer: 0 memory_needed: 8
application: 1 memory_transfer: 8 memory_needed: 8
application: 2 memory_transfer: 0 memory_needed: 8
enter not enough gpu memory state
evict id: 0's data
prefetch id: 1's data
prefetch time: 1600 computation time: 1600
current application id: 2 ,quota: 1600 memory used: 16
update application 0 8 0
update application 1 0 0
update application 2 7 900
............................................
application: 0 memory_transfer: 8 memory_needed: 8
application: 1 memory_transfer: 0 memory_needed: 8
application: 2 memory_transfer: 0 memory_needed: 8
enter enough gpu memory state
prefetch id: 2's data
prefetch time: 250 computation time: 700
current application id: 1 ,quota: 700 memory used: 16
update application 0 8 0
update application 1 7 0
update application 2 8 0
............................................
application: 0 memory_transfer: 8 memory_needed: 8
application: 1 memory_transfer: 0 memory_needed: 8
application: 2 memory_transfer: 0 memory_needed: 8
enter not enough gpu memory state
evict id: 1's data
prefetch id: 0's data
prefetch time: 1600 computation time: 1600
current application id: 2 ,quota: 1600 memory used: 16
update application 0 8 0
update application 1 8 0
update application 2 15 900
............................................
application: 0 memory_transfer: 0 memory_needed: 8
application: 1 memory_transfer: 8 memory_needed: 8
application: 2 memory_transfer: 0 memory_needed: 8
enter enough gpu memory state
prefetch id: 2's data
prefetch time: 250 computation time: 700
current application id: 0 ,quota: 700 memory used: 16
update application 0 15 0
update application 1 8 0
update application 2 16 0
............................................
application: 0 memory_transfer: 0 memory_needed: 8
application: 1 memory_transfer: 8 memory_needed: 8
application: 2 memory_transfer: 0 memory_needed: 8
enter not enough gpu memory state
evict id: 0's data
prefetch id: 1's data
prefetch time: 1600 computation time: 700
current application id: 2 ,quota: 1600 memory used: 16
update application 0 16 0
update application 1 8 0
update application 2 23 0
............................................
application: 0 memory_transfer: 8 memory_needed: 8
application: 1 memory_transfer: 0 memory_needed: 8
application: 2 memory_transfer: 0 memory_needed: 8
enter enough gpu memory state
prefetch id: 2's data
prefetch time: 250 computation time: 700
current application id: 1 ,quota: 700 memory used: 8
update application 0 16 0
update application 1 15 0
update application 2 23 0
............................................
application: 0 memory_transfer: 8 memory_needed: 8
application: 1 memory_transfer: 0 memory_needed: 8
application: 2 memory_transfer: 0 memory_needed: 8
current client: 2
end execution
............................................
application: 0 memory_transfer: 8 memory_needed: 8
application: 1 memory_transfer: 0 memory_needed: 8
application: 2 memory_transfer: 0 memory_needed: 8
enter enough gpu memory state
prefetch id: 0's data
prefetch time: 800 computation time: 700
current application id: 0 ,quota: 800 memory used: 16
update application 0 16 0
update application 1 15 800
update application 2 23 0
............................................
application: 0 memory_transfer: 0 memory_needed: 8
application: 1 memory_transfer: 0 memory_needed: 8
application: 2 memory_transfer: 0 memory_needed: 8
enter enough gpu memory state
prefetch id: 1's data
prefetch time: 250 computation time: 700
current application id: 0 ,quota: 700 memory used: 16
update application 0 23 0
update application 1 16 0
update application 2 23 0
............................................
application: 0 memory_transfer: 0 memory_needed: 8
application: 1 memory_transfer: 0 memory_needed: 8
application: 2 memory_transfer: 0 memory_needed: 8
enter enough gpu memory state
prefetch id: 1's data
prefetch time: 250 computation time: 700
current application id: 1 ,quota: 700 memory used: 8
update application 0 23 0
update application 1 23 0
update application 2 23 0
end simulation
total time: 10700
expected maximal time: 12300
