3
file name: /home/cjobr/thesis/testcase/detectron_100ms.log
7
7
file name: /home/cjobr/thesis/testcase/detectron_100ms.log
7
7
file name: /home/cjobr/thesis/testcase/detectron_100ms.log
7
7
application 0's kernel size: 50
application 1's kernel size: 50
application 2's kernel size: 50
Preprocess model 0%
Preprocess model 1%
Preprocess model 2%
Preprocess model 2%
Preprocess model 3%
Preprocess model 4%
Preprocess model 5%
Preprocess model 5%
Preprocess model 6%
Preprocess model 7%
Preprocess model 8%
Preprocess model 9%
Preprocess model 9%
Preprocess model 10%
Preprocess model 11%
Preprocess model 12%
Preprocess model 13%
Preprocess model 13%
Preprocess model 25%
Preprocess model 38%
Preprocess model 50%
Preprocess model 52%
Preprocess model 53%
Preprocess model 55%
Preprocess model 56%
Preprocess model 58%
Preprocess model 59%
Preprocess model 61%
Preprocess model 63%
Preprocess model 63%
Preprocess model 75%
Preprocess model 88%
Preprocess model 89%
Preprocess model 91%
Preprocess model 93%
Preprocess model 95%
Preprocess model 96%
Preprocess model 98%
Preprocess model 100%
Preprocess model 100%
Preprocess model 100%
Initialize solver 0%
Initialize solver 14%
Initialize solver 29%
Initialize solver 43%
Initialize solver 57%
Initialize solver 71%
Initialize solver 86%
Initialize solver 86%
Initialize solver 86%
Initialize solver 87%
Initialize solver 87%
Initialize solver 87%
Initialize solver 87%
Initialize solver 88%
Initialize solver 88%
Initialize solver 88%
Initialize solver 89%
Initialize solver 89%
Initialize solver 89%
Initialize solver 90%
Initialize solver 90%
Initialize solver 90%
Initialize solver 90%
Initialize solver 91%
Initialize solver 91%
Initialize solver 91%
Initialize solver 92%
Initialize solver 92%
Initialize solver 92%
Initialize solver 92%
Initialize solver 93%
Initialize solver 93%
Initialize solver 93%
Initialize solver 94%
Initialize solver 94%
Initialize solver 94%
Initialize solver 94%
Initialize solver 95%
Initialize solver 95%
Initialize solver 95%
Initialize solver 96%
Initialize solver 96%
Initialize solver 96%
Initialize solver 97%
Initialize solver 97%
Initialize solver 97%
Initialize solver 97%
Initialize solver 98%
Initialize solver 98%
Initialize solver 98%
Initialize solver 99%
Initialize solver 99%
Initialize solver 99%
Initialize solver 99%
Initialize solver 100%
Initialize solver 100%
Initialize solver 100%
Initialize solver 100%
Push initial solution 0%
Push initial solution 2%
Push initial solution 4%
Push initial solution 6%
Push initial solution 8%
Push initial solution 10%
Push initial solution 12%
Push initial solution 14%
Push initial solution 16%
Push initial solution 18%
Push initial solution 20%
Push initial solution 22%
Push initial solution 24%
Push initial solution 27%
Push initial solution 29%
Push initial solution 31%
Push initial solution 33%
Push initial solution 35%
Push initial solution 37%
Push initial solution 39%
Push initial solution 41%
Push initial solution 43%
Push initial solution 45%
Push initial solution 47%
Push initial solution 49%
Push initial solution 51%
Push initial solution 53%
Push initial solution 55%
Push initial solution 57%
Push initial solution 59%
Push initial solution 61%
Push initial solution 63%
Push initial solution 65%
Push initial solution 67%
Push initial solution 69%
Push initial solution 71%
Push initial solution 73%
Push initial solution 76%
Push initial solution 78%
Push initial solution 80%
Push initial solution 82%
Push initial solution 84%
Push initial solution 86%
Push initial solution 88%
Push initial solution 90%
Push initial solution 92%
Push initial solution 94%
Push initial solution 96%
Push initial solution 98%
Push initial solution 100%
Push initial solution 100%

Model:  expressions = 597, decisions = 1, constraints = 148, objectives = 1
Param:  time limit = 2000 sec, no iteration limit

[objective direction ]:     minimize

[  0 sec,       0 itr]: No feasible solution found (infeas = 148)
[  1 sec,    3219 itr]:      26348.1
[  2 sec,    8206 itr]:      24510.3
[  3 sec,   13175 itr]:      23929.1
[  4 sec,   17894 itr]:        23442
[  5 sec,   22398 itr]:      22826.2
[  6 sec,   26881 itr]:      22677.7
[  7 sec,   31503 itr]:      22383.1
[  8 sec,   36096 itr]:      21928.1
[  9 sec,   40000 itr]:      21685.5
[ 10 sec,   40000 itr]:      21685.5
[ optimality gap     ]:      100.00%
[ 11 sec,   40000 itr]:      21685.5
[ 12 sec,   40910 itr]:      21349.6
[ 13 sec,   45547 itr]:      21053.9
[ 14 sec,   50217 itr]:      20912.3
[ 15 sec,   54817 itr]:      20838.7
[ 16 sec,   59417 itr]:      20772.4
[ 17 sec,   64191 itr]:      20400.5
[ 18 sec,   68652 itr]:      20294.9
[ 19 sec,   73348 itr]:      20093.6
[ 20 sec,   77982 itr]:      20034.2
[ optimality gap     ]:      100.00%
[ 21 sec,   80000 itr]:      20034.2
[ 22 sec,   80000 itr]:      20034.2
[ 23 sec,   80000 itr]:      20034.2
[ 24 sec,   82962 itr]:      20034.2
[ 25 sec,   87664 itr]:      19990.8
[ 26 sec,   92419 itr]:      19970.2
[ 27 sec,   97163 itr]:      19946.3
[ 28 sec,  101924 itr]:      19861.2
[ 29 sec,  106659 itr]:      19861.2
[ 30 sec,  111413 itr]:      19861.2
[ optimality gap     ]:      100.00%
[ 31 sec,  116217 itr]:      19861.2
[ 32 sec,  120000 itr]:      19861.2
[ 33 sec,  120000 itr]:      19861.2
[ 34 sec,  120000 itr]:      19861.2
[ 35 sec,  123021 itr]:      19861.2
[ 36 sec,  127754 itr]:      19855.2
[ 37 sec,  132486 itr]:      19855.2
[ 38 sec,  137149 itr]:      19855.2
[ 39 sec,  141792 itr]:      19855.2
[ 40 sec,  146479 itr]:      19855.2
[ optimality gap     ]:      100.00%
[ 41 sec,  151132 itr]:      19836.2
[ 42 sec,  155820 itr]:      19836.2
[ 43 sec,  160000 itr]:      19812.4
[ 44 sec,  160000 itr]:      19706.7
[ 45 sec,  160000 itr]:      19706.7
[ 46 sec,  162302 itr]:      19280.2
[ 47 sec,  167022 itr]:      19001.5
[ 48 sec,  171770 itr]:      18944.4
[ 49 sec,  176266 itr]:      18944.4
[ 50 sec,  181033 itr]:      18883.7
[ optimality gap     ]:      100.00%
[ 51 sec,  185825 itr]:      18883.7
[ 52 sec,  190688 itr]:      18883.7
[ 53 sec,  195595 itr]:      18883.7
[ 54 sec,  199948 itr]:      18883.7
[ 55 sec,  200000 itr]:      18883.7
[ 56 sec,  200000 itr]:      18883.7
[ 57 sec,  200000 itr]:      18883.7
[ 58 sec,  204475 itr]:      18883.7
[ 59 sec,  209143 itr]:      18883.7
[ 60 sec,  213759 itr]:      18883.7
[ optimality gap     ]:      100.00%
[ 61 sec,  218528 itr]:      18883.7
[ 62 sec,  223351 itr]:      18883.7
[ 63 sec,  228201 itr]:      18883.7
[ 64 sec,  233060 itr]:      18883.7
[ 65 sec,  237835 itr]:      18883.7
[ 66 sec,  240000 itr]:      18641.4
[ 67 sec,  240000 itr]:      18641.4
[ 68 sec,  240000 itr]:      18641.4
[ 69 sec,  242330 itr]:      18535.8
[ 70 sec,  247109 itr]:      18324.6
[ optimality gap     ]:      100.00%
[ 71 sec,  251839 itr]:      17913.3
[ 72 sec,  256569 itr]:      17913.3
[ 73 sec,  261368 itr]:      17913.3
[ 74 sec,  266194 itr]:      17913.3
[ 75 sec,  270959 itr]:      17913.3
[ 76 sec,  275751 itr]:      17913.3
[ 77 sec,  280000 itr]:      17894.3
[ 78 sec,  280000 itr]:      17894.3
[ 79 sec,  280000 itr]:      17894.3
[ 80 sec,  284122 itr]:      17894.3
[ optimality gap     ]:      100.00%
[ 81 sec,  289033 itr]:      17894.3
[ 82 sec,  293938 itr]:      17894.3
[ 83 sec,  298611 itr]:      17894.3
[ 84 sec,  303414 itr]:      17894.3
[ 85 sec,  308227 itr]:      17894.3
[ 86 sec,  312973 itr]:      17894.3
[ 87 sec,  317738 itr]:      17894.3
[ 88 sec,  320000 itr]:      17894.3
[ 89 sec,  320000 itr]:      17894.3
[ 90 sec,  324067 itr]:      17894.3
[ optimality gap     ]:      100.00%
[ 91 sec,  328734 itr]:      17894.3
[ 92 sec,  333462 itr]:      17894.3
[ 93 sec,  338206 itr]:      17894.3
[ 94 sec,  343051 itr]:      17894.3
[ 95 sec,  347849 itr]:      17894.3
[ 96 sec,  352439 itr]:      17894.3
[ 97 sec,  357142 itr]:      17894.3
[ 98 sec,  360000 itr]:      17894.3
[ 99 sec,  360000 itr]:      17894.3
[100 sec,  360000 itr]:      17894.3
[ optimality gap     ]:      100.00%
[101 sec,  362981 itr]:      17894.3
[102 sec,  367786 itr]:      17894.3
[103 sec,  372565 itr]:      17894.3
[104 sec,  377394 itr]:      17815.7
[105 sec,  382214 itr]:      17638.1
[106 sec,  386865 itr]:      17614.3
[107 sec,  391697 itr]:      17614.3
[108 sec,  396618 itr]:      17614.3
[109 sec,  400000 itr]:      17614.3
[110 sec,  400000 itr]:      17614.3
[ optimality gap     ]:      100.00%
[111 sec,  402167 itr]:      17557.3
[112 sec,  406871 itr]:      17531.6
[113 sec,  411708 itr]:      17531.6
[114 sec,  416501 itr]:      17509.5
[115 sec,  421335 itr]:        17407
[116 sec,  426176 itr]:        17407
[117 sec,  431070 itr]:        17407
[118 sec,  435874 itr]:        17407
[119 sec,  440000 itr]:        17407
[120 sec,  440000 itr]:        17407
[ optimality gap     ]:      100.00%
[121 sec,  440899 itr]:        17407
[122 sec,  445777 itr]:        17407
[123 sec,  450602 itr]:      17394.7
[124 sec,  455351 itr]:      17394.7
[125 sec,  460110 itr]:      17394.7
[126 sec,  464962 itr]:      17394.7
[127 sec,  469815 itr]:      17394.7
[128 sec,  474583 itr]:      17394.7
[129 sec,  479502 itr]:      17394.7
[130 sec,  480000 itr]:      17394.7
[ optimality gap     ]:      100.00%
[131 sec,  480000 itr]:      17394.7
[132 sec,  482412 itr]:      17394.7
[133 sec,  487297 itr]:      17366.5
[134 sec,  492084 itr]:      17366.5
[135 sec,  496870 itr]:      17366.5
[136 sec,  501504 itr]:      17366.5
[137 sec,  506257 itr]:      17366.5
[138 sec,  511091 itr]:      17366.5
[139 sec,  515787 itr]:      17366.5
[140 sec,  520000 itr]:      17366.5
[ optimality gap     ]:      100.00%
[141 sec,  520000 itr]:      17366.5
[142 sec,  520729 itr]:      17366.5
[143 sec,  525514 itr]:      17366.5
[144 sec,  530371 itr]:      17366.5
[145 sec,  535252 itr]:      17366.5
[146 sec,  540054 itr]:      17366.5
[147 sec,  544984 itr]:      17366.5
[148 sec,  549877 itr]:      17360.8
[149 sec,  554685 itr]:      17360.8
[150 sec,  559562 itr]:      17360.8
[ optimality gap     ]:      100.00%
[151 sec,  560000 itr]:      17360.8
[152 sec,  560000 itr]:      17360.8
[153 sec,  560000 itr]:      17360.8
[154 sec,  563226 itr]:      17360.8
[155 sec,  568144 itr]:      17360.8
[156 sec,  573039 itr]:      17349.3
[157 sec,  577963 itr]:      17349.3
[158 sec,  582746 itr]:      17349.3
[159 sec,  587578 itr]:      17349.3
[160 sec,  592518 itr]:      17349.3
[ optimality gap     ]:      100.00%
[161 sec,  597471 itr]:      17349.3
[162 sec,  600000 itr]:      17349.3
[163 sec,  600000 itr]:      17349.3
[164 sec,  602204 itr]:      17349.3
[165 sec,  607046 itr]:      17326.3
[166 sec,  611849 itr]:      17326.3
[167 sec,  616684 itr]:      17326.3
[168 sec,  621498 itr]:      17326.3
[169 sec,  626223 itr]:      17326.3
[170 sec,  630962 itr]:      17326.3
[ optimality gap     ]:      100.00%
[171 sec,  635801 itr]:      17326.3
[172 sec,  640000 itr]:      17326.3
[173 sec,  640000 itr]:      17326.3
[174 sec,  641223 itr]:      17326.3
[175 sec,  646042 itr]:      17326.3
[176 sec,  650953 itr]:      17326.3
[177 sec,  655776 itr]:      17326.3
[178 sec,  660353 itr]:      17326.3
[179 sec,  665118 itr]:      17326.3
[180 sec,  669914 itr]:      17326.3
[ optimality gap     ]:      100.00%
[181 sec,  674817 itr]:      17326.3
[182 sec,  679762 itr]:      17326.3
[183 sec,  680000 itr]:      17326.3
[184 sec,  680000 itr]:      17326.3
[185 sec,  680000 itr]:      17326.3
[186 sec,  684316 itr]:      17326.3
[187 sec,  689163 itr]:      17326.3
[188 sec,  694077 itr]:      17326.3
[189 sec,  698845 itr]:      17326.3
[190 sec,  703788 itr]:      17326.3
[ optimality gap     ]:      100.00%
[191 sec,  708760 itr]:      17326.3
[192 sec,  713723 itr]:      17326.3
[193 sec,  718717 itr]:      17326.3
[194 sec,  720000 itr]:      17326.3
[195 sec,  720000 itr]:      17326.3
[196 sec,  721965 itr]:      17326.3
[197 sec,  726812 itr]:      17326.3
[198 sec,  731505 itr]:      17326.3
[199 sec,  736267 itr]:      17326.3
[200 sec,  741098 itr]:      17326.3
[ optimality gap     ]:      100.00%
[201 sec,  745966 itr]:      17326.3
[202 sec,  750829 itr]:      17326.3
[203 sec,  755614 itr]:      17326.3
[204 sec,  760000 itr]:      17326.3
[205 sec,  760000 itr]:      17326.3
[206 sec,  760000 itr]:      17326.3
[207 sec,  760970 itr]:      17326.3
[208 sec,  765852 itr]:      17326.3
[209 sec,  770633 itr]:      17326.3
[210 sec,  775474 itr]:      17326.3
[ optimality gap     ]:      100.00%
[211 sec,  780199 itr]:      17326.3
[212 sec,  784984 itr]:      17326.3
[213 sec,  789883 itr]:      17326.3
[214 sec,  794775 itr]:      17326.3
[215 sec,  799588 itr]:      17326.3
[216 sec,  800000 itr]:      17326.3
[217 sec,  800000 itr]:      17326.3
[218 sec,  804035 itr]:      17326.3
[219 sec,  808839 itr]:      17326.3
[220 sec,  813688 itr]:      17326.3
[ optimality gap     ]:      100.00%
[221 sec,  818724 itr]:      17326.3
[222 sec,  823746 itr]:      17326.3
[223 sec,  828773 itr]:      17326.3
[224 sec,  833797 itr]:      17326.3
[225 sec,  838825 itr]:      17326.3
[226 sec,  840000 itr]:      17326.3
[227 sec,  840306 itr]:      17326.3
[228 sec,  845062 itr]:      17326.3
[229 sec,  849876 itr]:      17326.3
[230 sec,  854709 itr]:      17326.3
[ optimality gap     ]:      100.00%
[231 sec,  859491 itr]:      17326.3
[232 sec,  864344 itr]:      17326.3
[233 sec,  869136 itr]:      17326.3
[234 sec,  873936 itr]:      17326.3
[235 sec,  878722 itr]:      17326.3
[236 sec,  880000 itr]:      17326.3
[237 sec,  880000 itr]:      17326.3
[238 sec,  882984 itr]:      17326.3
[239 sec,  887740 itr]:      17326.3
[240 sec,  892658 itr]:      17326.3
[ optimality gap     ]:      100.00%
[241 sec,  897404 itr]:      17326.3
[242 sec,  902188 itr]:      17326.3
[243 sec,  907043 itr]:      17326.3
[244 sec,  911792 itr]:      17326.3
[245 sec,  916580 itr]:      17326.3
[246 sec,  920000 itr]:      17326.3
[247 sec,  920000 itr]:      17326.3
[248 sec,  922224 itr]:      17326.3
[249 sec,  927160 itr]:      17326.3
[250 sec,  932143 itr]:      17326.3
[ optimality gap     ]:      100.00%
[251 sec,  937070 itr]:      17326.3
[252 sec,  942030 itr]:      17326.3
[253 sec,  946947 itr]:      17326.3
[254 sec,  951822 itr]:      17326.3
[255 sec,  956701 itr]:      17326.3
[256 sec,  960000 itr]:      17326.3
[257 sec,  960000 itr]:      17326.3
[258 sec,  960957 itr]:      17326.3
[259 sec,  965759 itr]:      17326.3
[260 sec,  970692 itr]:      17326.3
[ optimality gap     ]:      100.00%
[261 sec,  975521 itr]:      17326.3
[262 sec,  980374 itr]:      17326.3
[263 sec,  984940 itr]:      17326.3
[264 sec,  989823 itr]:      17326.3
[265 sec,  994617 itr]:      17326.3
[266 sec,  999292 itr]:      17326.3
[267 sec, 1000000 itr]:      17326.3
[268 sec, 1000000 itr]:      17326.3
[269 sec, 1001017 itr]:      17326.3
[270 sec, 1005884 itr]:      17326.3
[ optimality gap     ]:      100.00%
[271 sec, 1010848 itr]:      17326.3
[272 sec, 1015724 itr]:      17326.3
[273 sec, 1020600 itr]:      17326.3
[274 sec, 1025573 itr]:      17326.3
[275 sec, 1030520 itr]:      17326.3
[276 sec, 1035468 itr]:      17326.3
[277 sec, 1040000 itr]:      17326.3
[278 sec, 1040000 itr]:      17326.3
[279 sec, 1040224 itr]:      17326.3
[280 sec, 1045022 itr]:      17326.3
[ optimality gap     ]:      100.00%
[281 sec, 1049947 itr]:      17326.3
[282 sec, 1054769 itr]:      17326.3
[283 sec, 1059541 itr]:      17326.3
[284 sec, 1064438 itr]:      17326.3
[285 sec, 1069379 itr]:      17326.3
[286 sec, 1074268 itr]:      17326.3
[287 sec, 1079159 itr]:      17326.3
[288 sec, 1080000 itr]:      17326.3
[289 sec, 1080000 itr]:      17326.3
[290 sec, 1082696 itr]:      17326.3
[ optimality gap     ]:      100.00%
[291 sec, 1087606 itr]:      17326.3
[292 sec, 1092468 itr]:      17326.3
[293 sec, 1097397 itr]:      17326.3
[294 sec, 1102326 itr]:      17326.3
[295 sec, 1107245 itr]:      17326.3
[296 sec, 1112134 itr]:      17326.3
[297 sec, 1117019 itr]:      17326.3
[298 sec, 1120000 itr]:      17326.3
[299 sec, 1120000 itr]:      17326.3
[300 sec, 1120000 itr]:      17326.3
[ optimality gap     ]:      100.00%
[301 sec, 1123144 itr]:      17326.3
[302 sec, 1127862 itr]:      17326.3
[303 sec, 1132769 itr]:      17326.3
[304 sec, 1137683 itr]:      17326.3
[305 sec, 1142541 itr]:      17326.3
[306 sec, 1147372 itr]:      17326.3
[307 sec, 1152235 itr]:      17326.3
[308 sec, 1156464 itr]:      17326.3
[309 sec, 1160000 itr]:      17326.3
[310 sec, 1160000 itr]:      17326.3
[ optimality gap     ]:      100.00%
[311 sec, 1160000 itr]:      17326.3
[312 sec, 1162290 itr]:      17326.3
[313 sec, 1167007 itr]:      17326.3
[314 sec, 1171931 itr]:      17326.3
[315 sec, 1176798 itr]:      17326.3
[316 sec, 1181608 itr]:      17326.3
[317 sec, 1186387 itr]:      17326.3
[318 sec, 1191227 itr]:      17326.3
[319 sec, 1195529 itr]:      17326.3
[320 sec, 1200000 itr]:      17326.3
[ optimality gap     ]:      100.00%
[321 sec, 1200000 itr]:      17326.3
[322 sec, 1200447 itr]:      17326.3
[323 sec, 1205287 itr]:      17326.3
[324 sec, 1210135 itr]:      17326.3
[325 sec, 1214988 itr]:      17326.3
[326 sec, 1219863 itr]:      17326.3
[327 sec, 1224751 itr]:      17326.3
[328 sec, 1229553 itr]:      17326.3
[329 sec, 1234429 itr]:      17326.3
[330 sec, 1239299 itr]:      17326.3
[ optimality gap     ]:      100.00%
[331 sec, 1240000 itr]:      17326.3
[332 sec, 1240000 itr]:      17326.3
[333 sec, 1240748 itr]:      17326.3
[334 sec, 1245532 itr]:      17326.3
[335 sec, 1250412 itr]:      17326.3
[336 sec, 1255331 itr]:      17326.3
[337 sec, 1260236 itr]:      17326.3
[338 sec, 1264894 itr]:      17326.3
[339 sec, 1269784 itr]:      17326.3
[340 sec, 1274696 itr]:      17326.3
[ optimality gap     ]:      100.00%
[341 sec, 1279592 itr]:      17326.3
[342 sec, 1280000 itr]:      17326.3
[343 sec, 1280000 itr]:      17326.3
[344 sec, 1282991 itr]:      17326.3
[345 sec, 1287857 itr]:      17326.3
[346 sec, 1292789 itr]:      17326.3
[347 sec, 1297675 itr]:      17326.3
[348 sec, 1302287 itr]:      17326.3
[349 sec, 1307081 itr]:      17326.3
[350 sec, 1311878 itr]:      17326.3
[ optimality gap     ]:      100.00%
[351 sec, 1316703 itr]:      17326.3
[352 sec, 1320000 itr]:      17326.3
[353 sec, 1320000 itr]:      17326.3
[354 sec, 1320000 itr]:      17326.3
[355 sec, 1321991 itr]:      17326.3
[356 sec, 1326914 itr]:      17326.3
[357 sec, 1331842 itr]:      17326.3
[358 sec, 1336404 itr]:      17326.3
[359 sec, 1341060 itr]:      17326.3
[360 sec, 1345899 itr]:      17326.3
[ optimality gap     ]:      100.00%
[361 sec, 1350832 itr]:      17326.3
[362 sec, 1355684 itr]:      17326.3
[363 sec, 1360000 itr]:      17326.3
[364 sec, 1360000 itr]:      17326.3
[365 sec, 1360000 itr]:      17326.3
[366 sec, 1362785 itr]:      17326.3
[367 sec, 1367707 itr]:      17326.3
[368 sec, 1372647 itr]:      17326.3
[369 sec, 1377494 itr]:      17326.3
[370 sec, 1382463 itr]:      17326.3
[ optimality gap     ]:      100.00%
[371 sec, 1387480 itr]:      17326.3
[372 sec, 1392493 itr]:      17326.3
[373 sec, 1397434 itr]:      17326.3
[374 sec, 1400000 itr]:      17326.3
[375 sec, 1400000 itr]:      17326.3
[376 sec, 1400734 itr]:      17326.3
[377 sec, 1405513 itr]:      17326.3
[378 sec, 1410272 itr]:      17326.3
[379 sec, 1415139 itr]:      17326.3
[380 sec, 1419933 itr]:      17326.3
[ optimality gap     ]:      100.00%
[381 sec, 1424788 itr]:      17326.3
[382 sec, 1429615 itr]:      17326.3
[383 sec, 1434593 itr]:      17326.3
[384 sec, 1439466 itr]:      17326.3
[385 sec, 1440000 itr]:      17326.3
[386 sec, 1440000 itr]:      17326.3
[387 sec, 1442022 itr]:      17326.3
[388 sec, 1446887 itr]:      17326.3
[389 sec, 1451907 itr]:      17326.3
[390 sec, 1456900 itr]:      17326.3
[ optimality gap     ]:      100.00%
[391 sec, 1461827 itr]:      17326.3
[392 sec, 1466788 itr]:      17326.3
[393 sec, 1471704 itr]:      17326.3
[394 sec, 1476673 itr]:      17326.3
[395 sec, 1480000 itr]:      17326.3
[396 sec, 1480000 itr]:      17326.3
[397 sec, 1480000 itr]:      17326.3
[398 sec, 1483000 itr]:      17326.3
[399 sec, 1487874 itr]:      17326.3
[400 sec, 1492762 itr]:      17326.3
[ optimality gap     ]:      100.00%
[401 sec, 1497566 itr]:      17326.3
[402 sec, 1502372 itr]:      17326.3
[403 sec, 1507233 itr]:      17326.3
[404 sec, 1512185 itr]:      17326.3
[405 sec, 1517134 itr]:      17326.3
[406 sec, 1520000 itr]:      17326.3
[407 sec, 1520000 itr]:      17326.3
[408 sec, 1520611 itr]:      17326.3
[409 sec, 1525472 itr]:      17326.3
[410 sec, 1530403 itr]:      17326.3
[ optimality gap     ]:      100.00%
[411 sec, 1535250 itr]:      17326.3
[412 sec, 1540011 itr]:      17326.3
[413 sec, 1544923 itr]:      17326.3
[414 sec, 1549820 itr]:      17326.3
[415 sec, 1554660 itr]:      17326.3
[416 sec, 1559527 itr]:      17326.3
[417 sec, 1560000 itr]:      17326.3
[418 sec, 1560000 itr]:      17326.3
[419 sec, 1562245 itr]:      17326.3
[420 sec, 1567125 itr]:      17326.3
[ optimality gap     ]:      100.00%
[421 sec, 1572030 itr]:      17326.3
[422 sec, 1576838 itr]:      17326.3
[423 sec, 1581559 itr]:      17326.3
[424 sec, 1586305 itr]:      17326.3
[425 sec, 1591053 itr]:      17326.3
[426 sec, 1596019 itr]:      17326.3
[427 sec, 1600000 itr]:      17326.3
[428 sec, 1600000 itr]:      17326.3
[429 sec, 1602516 itr]:      17326.3
[430 sec, 1607315 itr]:      17326.3
[ optimality gap     ]:      100.00%
[431 sec, 1612180 itr]:      17326.3
[432 sec, 1617129 itr]:      17326.3
[433 sec, 1622050 itr]:      17326.3
[434 sec, 1626960 itr]:      17326.3
[435 sec, 1631874 itr]:      17326.3
[436 sec, 1636822 itr]:      17326.3
[437 sec, 1640000 itr]:      17326.3
[438 sec, 1640000 itr]:      17326.3
[439 sec, 1640000 itr]:      17326.3
[440 sec, 1644391 itr]:      17326.3
[ optimality gap     ]:      100.00%
[441 sec, 1649291 itr]:      17326.3
[442 sec, 1654236 itr]:      17326.3
[443 sec, 1659117 itr]:      17326.3
[444 sec, 1664002 itr]:      17326.3
[445 sec, 1668862 itr]:      17326.3
[446 sec, 1673784 itr]:      17326.3
[447 sec, 1678324 itr]:      17326.3
[448 sec, 1680000 itr]:      17326.3
[449 sec, 1680000 itr]:      17326.3
[450 sec, 1683910 itr]:      17326.3
[ optimality gap     ]:      100.00%
[451 sec, 1688709 itr]:      17326.3
[452 sec, 1693492 itr]:      17326.3
[453 sec, 1698255 itr]:      17326.3
[454 sec, 1703056 itr]:      17326.3
[455 sec, 1708062 itr]:      17326.3
[456 sec, 1713022 itr]:      17326.3
[457 sec, 1717951 itr]:      17326.3
[458 sec, 1720000 itr]:      17326.3
[459 sec, 1720000 itr]:      17326.3
[460 sec, 1722159 itr]:      17326.3
[ optimality gap     ]:      100.00%
[461 sec, 1727084 itr]:      17326.3
[462 sec, 1731939 itr]:      17326.3
[463 sec, 1736856 itr]:      17326.3
[464 sec, 1741699 itr]:      17326.3
[465 sec, 1746531 itr]:      17326.3
[466 sec, 1751442 itr]:      17326.3
[467 sec, 1756328 itr]:      17326.3
[468 sec, 1760000 itr]:      17326.3
[469 sec, 1760000 itr]:      17326.3
[470 sec, 1761107 itr]:      17326.3
[ optimality gap     ]:      100.00%
[471 sec, 1766035 itr]:      17326.3
[472 sec, 1770911 itr]:      17326.3
[473 sec, 1775667 itr]:      17326.3
[474 sec, 1780546 itr]:      17326.3
[475 sec, 1785425 itr]:      17326.3
[476 sec, 1790310 itr]:      17326.3
[477 sec, 1795278 itr]:      17326.3
[478 sec, 1799873 itr]:      17326.3
[479 sec, 1800000 itr]:      17326.3
[480 sec, 1802148 itr]:      17326.3
[ optimality gap     ]:      100.00%
[481 sec, 1807122 itr]:      17326.3
[482 sec, 1812037 itr]:      17326.3
[483 sec, 1816914 itr]:      17326.3
[484 sec, 1821823 itr]:      17326.3
[485 sec, 1826556 itr]:      17326.3
[486 sec, 1831476 itr]:      17326.3
[487 sec, 1836274 itr]:      17326.3
[488 sec, 1840000 itr]:      17326.3
[489 sec, 1840000 itr]:      17326.3
[490 sec, 1840000 itr]:      17326.3
[ optimality gap     ]:      100.00%
[491 sec, 1843188 itr]:      17326.3
[492 sec, 1848128 itr]:      17326.3
[493 sec, 1853049 itr]:      17326.3
[494 sec, 1857980 itr]:      17326.3
[495 sec, 1862889 itr]:      17326.3
[496 sec, 1867772 itr]:      17326.3
[497 sec, 1872680 itr]:      17326.3
[498 sec, 1877610 itr]:      17326.3
[499 sec, 1880000 itr]:      17326.3
[500 sec, 1880000 itr]:      17326.3
[ optimality gap     ]:      100.00%
[501 sec, 1884521 itr]:      17326.3
[502 sec, 1889410 itr]:      17326.3
[503 sec, 1894230 itr]:      17326.3
[504 sec, 1899123 itr]:      17326.3
[505 sec, 1903973 itr]:      17326.3
[506 sec, 1908845 itr]:      17326.3
[507 sec, 1913692 itr]:      17326.3
[508 sec, 1918621 itr]:      17326.3
[509 sec, 1920000 itr]:      17326.3
[510 sec, 1921261 itr]:      17326.3
[ optimality gap     ]:      100.00%
[511 sec, 1926132 itr]:      17326.3
[512 sec, 1931042 itr]:      17326.3
[513 sec, 1935860 itr]:      17326.3
[514 sec, 1940684 itr]:      17326.3
[515 sec, 1945516 itr]:      17326.3
[516 sec, 1950391 itr]:      17326.3
[517 sec, 1955320 itr]:      17326.3
[518 sec, 1959982 itr]:      17326.3
[519 sec, 1960000 itr]:      17326.3
[520 sec, 1960000 itr]:      17326.3
[ optimality gap     ]:      100.00%
[521 sec, 1960857 itr]:      17326.3
[522 sec, 1965657 itr]:      17326.3
[523 sec, 1970496 itr]:      17326.3
[524 sec, 1975287 itr]:      17326.3
[525 sec, 1980096 itr]:      17326.3
[526 sec, 1984958 itr]:      17326.3
[527 sec, 1989851 itr]:      17326.3
[528 sec, 1994629 itr]:      17326.3
[529 sec, 1999443 itr]:      17326.3
[530 sec, 2000000 itr]:      17326.3
[ optimality gap     ]:      100.00%
[531 sec, 2000000 itr]:      17326.3
[532 sec, 2002410 itr]:      17326.3
[533 sec, 2007312 itr]:      17326.3
[534 sec, 2012098 itr]:      17326.3
[535 sec, 2017009 itr]:      17326.3
[536 sec, 2021857 itr]:      17326.3
[537 sec, 2026688 itr]:      17326.3
[538 sec, 2031487 itr]:      17326.3
[539 sec, 2036330 itr]:      17326.3
[540 sec, 2040000 itr]:      17326.3
[ optimality gap     ]:      100.00%
[541 sec, 2040000 itr]:      17326.3
[542 sec, 2040000 itr]:      17326.3
[543 sec, 2043114 itr]:      17326.3
[544 sec, 2048019 itr]:      17326.3
[545 sec, 2052805 itr]:      17326.3
[546 sec, 2057570 itr]:      17326.3
[547 sec, 2062344 itr]:      17326.3
[548 sec, 2067122 itr]:      17326.3
[549 sec, 2072105 itr]:      17326.3
[550 sec, 2077043 itr]:      17326.3
[ optimality gap     ]:      100.00%
[551 sec, 2080000 itr]:      17326.3
[552 sec, 2080000 itr]:      17326.3
[553 sec, 2082402 itr]:      17326.3
[554 sec, 2087329 itr]:      17326.3
[555 sec, 2092169 itr]:      17326.3
[556 sec, 2096876 itr]:      17326.3
[557 sec, 2101759 itr]:      17326.3
[558 sec, 2106256 itr]:      17326.3
[559 sec, 2111115 itr]:      17326.3
[560 sec, 2116020 itr]:      17326.3
[ optimality gap     ]:      100.00%
[561 sec, 2120000 itr]:      17326.3
[562 sec, 2120000 itr]:      17326.3
[563 sec, 2122458 itr]:      17326.3
[564 sec, 2127392 itr]:      17326.3
[565 sec, 2132271 itr]:      17326.3
[566 sec, 2136980 itr]:      17326.3
[567 sec, 2141737 itr]:      17326.3
[568 sec, 2146490 itr]:      17326.3
[569 sec, 2151246 itr]:      17326.3
[570 sec, 2156060 itr]:      17326.3
[ optimality gap     ]:      100.00%
[571 sec, 2160000 itr]:      17326.3
[572 sec, 2160000 itr]:      17326.3
[573 sec, 2160273 itr]:      17326.3
[574 sec, 2165115 itr]:      17326.3
[575 sec, 2169973 itr]:      17326.3
[576 sec, 2174785 itr]:      17326.3
[577 sec, 2179651 itr]:      17326.3
[578 sec, 2184010 itr]:      17326.3
[579 sec, 2188419 itr]:      17326.3
[580 sec, 2193225 itr]:      17326.3
[ optimality gap     ]:      100.00%
[581 sec, 2198022 itr]:      17326.3
[582 sec, 2200000 itr]:      17326.3
[583 sec, 2200000 itr]:      17326.3
[584 sec, 2202917 itr]:      17326.3
[585 sec, 2207705 itr]:      17326.3
[586 sec, 2212521 itr]:      17326.3
[587 sec, 2217380 itr]:      17326.3
[588 sec, 2222073 itr]:      17326.3
[589 sec, 2226954 itr]:      17326.3
[590 sec, 2231763 itr]:      17326.3
[ optimality gap     ]:      100.00%
[591 sec, 2236586 itr]:      17326.3
[592 sec, 2240000 itr]:      17326.3
[593 sec, 2240000 itr]:      17326.3
[594 sec, 2241520 itr]:      17326.3
[595 sec, 2246401 itr]:      17326.3
[596 sec, 2251281 itr]:      17326.3
[597 sec, 2256037 itr]:      17326.3
[598 sec, 2260544 itr]:      17326.3
[599 sec, 2265260 itr]:      17326.3
[600 sec, 2269927 itr]:      17326.3
[ optimality gap     ]:      100.00%
[601 sec, 2274706 itr]:      17326.3
[602 sec, 2279448 itr]:      17326.3
[603 sec, 2280000 itr]:      17326.3
[604 sec, 2280000 itr]:      17326.3
[605 sec, 2283130 itr]:      17326.3
[606 sec, 2287988 itr]:      17326.3
[607 sec, 2292830 itr]:      17326.3
[608 sec, 2297284 itr]:      17326.3
[609 sec, 2301991 itr]:      17326.3
[610 sec, 2306810 itr]:      17326.3
[ optimality gap     ]:      100.00%
[611 sec, 2311701 itr]:      17326.3
[612 sec, 2316567 itr]:      17326.3
[613 sec, 2320000 itr]:      17326.3
[614 sec, 2320000 itr]:      17326.3
[615 sec, 2320000 itr]:      17326.3
[616 sec, 2322076 itr]:      17326.3
[617 sec, 2326900 itr]:      17326.3
[618 sec, 2331439 itr]:      17326.3
[619 sec, 2336261 itr]:      17326.3
[620 sec, 2340939 itr]:      17326.3
[ optimality gap     ]:      100.00%
[621 sec, 2345744 itr]:      17326.3
[622 sec, 2350517 itr]:      17326.3
[623 sec, 2355290 itr]:      17326.3
[624 sec, 2360000 itr]:      17326.3
[625 sec, 2360000 itr]:      17326.3
[626 sec, 2360000 itr]:      17326.3
[627 sec, 2363565 itr]:      17326.3
[628 sec, 2368372 itr]:      17326.3
[629 sec, 2373232 itr]:      17326.3
[630 sec, 2378111 itr]:      17326.3
[ optimality gap     ]:      100.00%
[631 sec, 2382995 itr]:      17326.3
[632 sec, 2387870 itr]:      17326.3
[633 sec, 2392754 itr]:      17326.3
[634 sec, 2397647 itr]:      17326.3
[635 sec, 2400000 itr]:      17326.3
[636 sec, 2400000 itr]:      17326.3
[637 sec, 2400000 itr]:      17326.3
[638 sec, 2402271 itr]:      17326.3
[639 sec, 2407005 itr]:      17326.3
[640 sec, 2411804 itr]:      17326.3
[ optimality gap     ]:      100.00%
[641 sec, 2416679 itr]:      17326.3
[642 sec, 2421524 itr]:      17326.3
[643 sec, 2426372 itr]:      17326.3
[644 sec, 2431190 itr]:      17326.3
[645 sec, 2436030 itr]:      17326.3
[646 sec, 2440000 itr]:      17326.3
[647 sec, 2440000 itr]:      17326.3
[648 sec, 2440000 itr]:      17326.3
[649 sec, 2442225 itr]:      17326.3
[650 sec, 2447125 itr]:      17326.3
[ optimality gap     ]:      100.00%
[651 sec, 2452026 itr]:      17326.3
[652 sec, 2456938 itr]:      17326.3
[653 sec, 2461839 itr]:      17326.3
[654 sec, 2466744 itr]:      17326.3
[655 sec, 2471522 itr]:      17326.3
[656 sec, 2476295 itr]:      17326.3
[657 sec, 2480000 itr]:      17326.3
[658 sec, 2480000 itr]:      17326.3
[659 sec, 2482140 itr]:      17326.3
[660 sec, 2486985 itr]:      17326.3
[ optimality gap     ]:      100.00%
[661 sec, 2491848 itr]:      17326.3
[662 sec, 2496670 itr]:      17326.3
[663 sec, 2501480 itr]:      17326.3
[664 sec, 2506271 itr]:      17326.3
[665 sec, 2511106 itr]:      17326.3
[666 sec, 2515909 itr]:      17326.3
[667 sec, 2520000 itr]:      17326.3
[668 sec, 2520000 itr]:      17326.3
[669 sec, 2520373 itr]:      17326.3
[670 sec, 2525319 itr]:      17326.3
[ optimality gap     ]:      100.00%
[671 sec, 2530157 itr]:      17326.3
[672 sec, 2535041 itr]:      17326.3
[673 sec, 2539883 itr]:      17326.3
[674 sec, 2544819 itr]:      17326.3
[675 sec, 2549740 itr]:      17326.3
[676 sec, 2554624 itr]:      17326.3
[677 sec, 2559462 itr]:      17326.3
[678 sec, 2560000 itr]:      17326.3
[679 sec, 2561706 itr]:      17326.3
[680 sec, 2566511 itr]:      17326.3
[ optimality gap     ]:      100.00%
[681 sec, 2571330 itr]:      17326.3
[682 sec, 2576134 itr]:      17326.3
[683 sec, 2580935 itr]:      17326.3
[684 sec, 2585790 itr]:      17326.3
[685 sec, 2590625 itr]:      17326.3
[686 sec, 2595447 itr]:      17326.3
[687 sec, 2600000 itr]:      17326.3
[688 sec, 2600000 itr]:      17326.3
[689 sec, 2601202 itr]:      17326.3
[690 sec, 2606086 itr]:      17326.3
[ optimality gap     ]:      100.00%
[691 sec, 2610928 itr]:      17326.3
[692 sec, 2615695 itr]:      17326.3
[693 sec, 2620552 itr]:      17326.3
[694 sec, 2625035 itr]:      17326.3
[695 sec, 2629854 itr]:      17326.3
[696 sec, 2634630 itr]:      17326.3
[697 sec, 2639472 itr]:      17326.3
[698 sec, 2640000 itr]:      17326.3
[699 sec, 2640445 itr]:      17326.3
[700 sec, 2645294 itr]:      17326.3
[ optimality gap     ]:      100.00%
[701 sec, 2650093 itr]:      17326.3
[702 sec, 2654974 itr]:      17326.3
[703 sec, 2659884 itr]:      17326.3
[704 sec, 2664789 itr]:      17326.3
[705 sec, 2669621 itr]:      17326.3
[706 sec, 2674527 itr]:      17326.3
[707 sec, 2679431 itr]:      17326.3
[708 sec, 2680000 itr]:      17326.3
[709 sec, 2680568 itr]:      17326.3
[710 sec, 2685377 itr]:      17326.3
[ optimality gap     ]:      100.00%
[711 sec, 2690221 itr]:      17326.3
[712 sec, 2695032 itr]:      17326.3
[713 sec, 2699826 itr]:      17326.3
[714 sec, 2704631 itr]:      17326.3
[715 sec, 2709502 itr]:      17326.3
[716 sec, 2714372 itr]:      17326.3
[717 sec, 2719215 itr]:      17326.3
[718 sec, 2720000 itr]:      17326.3
[719 sec, 2720000 itr]:      17326.3
[720 sec, 2720650 itr]:      17326.3
[ optimality gap     ]:      100.00%
[721 sec, 2725498 itr]:      17326.3
[722 sec, 2730298 itr]:      17326.3
[723 sec, 2735130 itr]:      17326.3
[724 sec, 2740043 itr]:      17326.3
[725 sec, 2744734 itr]:      17326.3
[726 sec, 2749650 itr]:      17326.3
[727 sec, 2754509 itr]:      17326.3
[728 sec, 2759114 itr]:      17326.3
[729 sec, 2760000 itr]:      17326.3
[730 sec, 2760065 itr]:      17326.3
[ optimality gap     ]:      100.00%
[731 sec, 2764930 itr]:      17326.3
[732 sec, 2769689 itr]:      17326.3
[733 sec, 2774433 itr]:      17326.3
[734 sec, 2779271 itr]:      17326.3
[735 sec, 2784110 itr]:      17326.3
[736 sec, 2788947 itr]:      17326.3
[737 sec, 2793790 itr]:      17326.3
[738 sec, 2798659 itr]:      17326.3
[739 sec, 2800000 itr]:      17326.3
[740 sec, 2800532 itr]:      17326.3
[ optimality gap     ]:      100.00%
[741 sec, 2805352 itr]:      17326.3
[742 sec, 2810194 itr]:      17326.3
[743 sec, 2814997 itr]:      17326.3
[744 sec, 2819900 itr]:      17326.3
[745 sec, 2824814 itr]:      17326.3
[746 sec, 2829767 itr]:      17326.3
[747 sec, 2834642 itr]:      17296.8
[748 sec, 2839347 itr]:      17296.8
[749 sec, 2840000 itr]:      17172.2
[750 sec, 2840000 itr]:      17172.2
[ optimality gap     ]:      100.00%
[751 sec, 2841549 itr]:      17100.6
[752 sec, 2846378 itr]:      17100.6
[753 sec, 2851243 itr]:      17083.9
[754 sec, 2856067 itr]:      17076.8
[755 sec, 2860924 itr]:      17076.8
[756 sec, 2865720 itr]:      17076.8
[757 sec, 2870612 itr]:      17076.8
[758 sec, 2875468 itr]:      17076.8
[759 sec, 2880000 itr]:      17076.8
[760 sec, 2880000 itr]:      17076.8
[ optimality gap     ]:      100.00%
[761 sec, 2880000 itr]:      17076.8
[762 sec, 2880534 itr]:      17076.8
[763 sec, 2885419 itr]:      17076.8
[764 sec, 2890308 itr]:      17076.8
[765 sec, 2895155 itr]:      17076.8
[766 sec, 2900095 itr]:      17076.8
[767 sec, 2905000 itr]:      17076.8
[768 sec, 2909789 itr]:      17076.8
[769 sec, 2914636 itr]:      17076.8
[770 sec, 2919553 itr]:      17076.8
[ optimality gap     ]:      100.00%
[771 sec, 2920000 itr]:      17076.8
[772 sec, 2920000 itr]:      17076.8
[773 sec, 2921660 itr]:      17076.8
[774 sec, 2926511 itr]:      17076.8
[775 sec, 2931380 itr]:      17076.8
[776 sec, 2936281 itr]:      17076.8
[777 sec, 2941176 itr]:      17076.8
[778 sec, 2945364 itr]:      17076.8
[779 sec, 2950255 itr]:      17076.8
[780 sec, 2955128 itr]:      17076.8
[ optimality gap     ]:      100.00%
[781 sec, 2960000 itr]:      17076.8
[782 sec, 2960000 itr]:      17076.8
[783 sec, 2960000 itr]:      17076.8
[784 sec, 2964170 itr]:      17076.8
[785 sec, 2969019 itr]:      17076.8
[786 sec, 2973834 itr]:      17076.8
[787 sec, 2978792 itr]:      17076.8
[788 sec, 2983703 itr]:      17076.8
[789 sec, 2988555 itr]:      17076.8
[790 sec, 2993416 itr]:      17076.8
[ optimality gap     ]:      100.00%
[791 sec, 2998223 itr]:      17076.8
[792 sec, 3000000 itr]:      17076.8
[793 sec, 3000000 itr]:      17076.8
[794 sec, 3001972 itr]:      17076.8
[795 sec, 3006918 itr]:      17076.8
[796 sec, 3011884 itr]:      17076.8
[797 sec, 3016863 itr]:      17076.8
[798 sec, 3021543 itr]:      17076.8
[799 sec, 3026509 itr]:      17076.8
[800 sec, 3031455 itr]:      17076.8
[ optimality gap     ]:      100.00%
[801 sec, 3035828 itr]:      17076.8
[802 sec, 3040000 itr]:      17076.8
[803 sec, 3040000 itr]:      17076.8
[804 sec, 3040000 itr]:      17076.8
[805 sec, 3043674 itr]:      17076.8
[806 sec, 3048448 itr]:      17076.8
[807 sec, 3053313 itr]:      17076.8
[808 sec, 3058144 itr]:      17076.8
[809 sec, 3063006 itr]:      17076.8
[810 sec, 3067981 itr]:      17076.8
[ optimality gap     ]:      100.00%
[811 sec, 3072887 itr]:      17076.8
[812 sec, 3077728 itr]:      17076.8
[813 sec, 3080000 itr]:      17076.8
[814 sec, 3080000 itr]:      17076.8
[815 sec, 3080000 itr]:      17076.8
[816 sec, 3084342 itr]:      17076.8
[817 sec, 3089176 itr]:      17076.8
[818 sec, 3094090 itr]:      17076.8
[819 sec, 3098988 itr]:      17076.8
[820 sec, 3103790 itr]:      17076.8
[ optimality gap     ]:      100.00%
[821 sec, 3108724 itr]:      17076.8
[822 sec, 3113427 itr]:      17076.8
[823 sec, 3118290 itr]:      17076.8
[824 sec, 3120000 itr]:      17076.8
[825 sec, 3120000 itr]:      17076.8
[826 sec, 3122211 itr]:      17076.8
[827 sec, 3127065 itr]:      17076.8
[828 sec, 3131960 itr]:      17076.8
[829 sec, 3136402 itr]:      17076.8
[830 sec, 3141269 itr]:      17076.8
[ optimality gap     ]:      100.00%
[831 sec, 3146104 itr]:      17076.8
[832 sec, 3151101 itr]:      17076.8
[833 sec, 3156093 itr]:      17076.8
[834 sec, 3160000 itr]:      17076.8
[835 sec, 3160000 itr]:      17076.8
[836 sec, 3160000 itr]:      17076.8
[837 sec, 3163210 itr]:      17076.8
[838 sec, 3167780 itr]:      17076.8
[839 sec, 3172658 itr]:      17076.8
[840 sec, 3177517 itr]:      17076.8
[ optimality gap     ]:      100.00%
[841 sec, 3182342 itr]:      17076.8
[842 sec, 3187170 itr]:      17076.8
[843 sec, 3192096 itr]:      17076.8
[844 sec, 3197016 itr]:      17076.8
[845 sec, 3200000 itr]:      17076.8
[846 sec, 3200000 itr]:      17076.8
[847 sec, 3202003 itr]:      17076.8
[848 sec, 3206847 itr]:      17076.8
[849 sec, 3211742 itr]:      17076.8
[850 sec, 3216631 itr]:      17076.8
[ optimality gap     ]:      100.00%
[851 sec, 3221484 itr]:      17076.8
[852 sec, 3226322 itr]:      17076.8
[853 sec, 3231153 itr]:      17076.8
[854 sec, 3236011 itr]:      17076.8
[855 sec, 3240000 itr]:      17076.8
[856 sec, 3240000 itr]:      17076.8
[857 sec, 3240589 itr]:      17076.8
[858 sec, 3245437 itr]:      17076.8
[859 sec, 3250349 itr]:      17076.8
[860 sec, 3255250 itr]:      17076.8
[ optimality gap     ]:      100.00%
[861 sec, 3260126 itr]:      17076.8
[862 sec, 3264972 itr]:      17076.8
[863 sec, 3269699 itr]:      17076.8
[864 sec, 3274606 itr]:      17076.8
[865 sec, 3279413 itr]:      17076.8
[866 sec, 3280000 itr]:      17076.8
[867 sec, 3281459 itr]:      17076.8
[868 sec, 3286326 itr]:      17076.8
[869 sec, 3291223 itr]:      17076.8
[870 sec, 3296052 itr]:      17076.8
[ optimality gap     ]:      100.00%
[871 sec, 3300918 itr]:      17076.8
[872 sec, 3305734 itr]:      17076.8
[873 sec, 3310593 itr]:      17076.8
[874 sec, 3315438 itr]:      17076.8
[875 sec, 3320000 itr]:      17076.8
[876 sec, 3320000 itr]:      17076.8
[877 sec, 3320803 itr]:      17076.8
[878 sec, 3325737 itr]:      17076.8
[879 sec, 3330643 itr]:      17076.8
[880 sec, 3335547 itr]:      17076.8
[ optimality gap     ]:      100.00%
[881 sec, 3340456 itr]:      17076.8
[882 sec, 3345343 itr]:      17076.8
[883 sec, 3349932 itr]:      17076.8
[884 sec, 3354819 itr]:      17076.8
[885 sec, 3359758 itr]:      17076.8
[886 sec, 3360000 itr]:      17076.8
[887 sec, 3360000 itr]:      17076.8
[888 sec, 3363928 itr]:      17076.8
[889 sec, 3368844 itr]:      17076.8
[890 sec, 3373749 itr]:      17076.8
[ optimality gap     ]:      100.00%
[891 sec, 3378732 itr]:      17076.8
[892 sec, 3383675 itr]:      17076.8
[893 sec, 3388622 itr]:      17076.8
[894 sec, 3393512 itr]:      17076.8
[895 sec, 3398428 itr]:      17076.8
[896 sec, 3400000 itr]:      17076.8
[897 sec, 3400000 itr]:      17076.8
[898 sec, 3404093 itr]:      17076.8
[899 sec, 3409027 itr]:      17076.8
[900 sec, 3413925 itr]:      17076.8
[ optimality gap     ]:      100.00%
[901 sec, 3418784 itr]:      17076.8
[902 sec, 3423570 itr]:      17076.8
[903 sec, 3428458 itr]:      17076.8
[904 sec, 3433299 itr]:      17076.8
[905 sec, 3438182 itr]:      17076.8
[906 sec, 3440000 itr]:      17076.8
[907 sec, 3440000 itr]:      17076.8
[908 sec, 3440598 itr]:      17076.8
[909 sec, 3445501 itr]:      17076.8
[910 sec, 3450478 itr]:      17076.8
[ optimality gap     ]:      100.00%
[911 sec, 3455451 itr]:      17076.8
[912 sec, 3460394 itr]:      17076.8
[913 sec, 3465380 itr]:      17076.8
[914 sec, 3470382 itr]:      17076.8
[915 sec, 3475385 itr]:      17076.8
[916 sec, 3480000 itr]:      17076.8
[917 sec, 3480000 itr]:      17076.8
[918 sec, 3480000 itr]:      17076.8
[919 sec, 3482472 itr]:      17076.8
[920 sec, 3487358 itr]:      17076.8
[ optimality gap     ]:      100.00%
[921 sec, 3492230 itr]:      17076.8
[922 sec, 3497143 itr]:      17076.8
[923 sec, 3501963 itr]:      17076.8
[924 sec, 3506879 itr]:      17076.8
[925 sec, 3511775 itr]:      17076.8
[926 sec, 3516561 itr]:      17076.8
[927 sec, 3520000 itr]:      17076.8
[928 sec, 3520000 itr]:      17076.8
[929 sec, 3524330 itr]:      17076.8
[930 sec, 3529208 itr]:      17076.8
[ optimality gap     ]:      100.00%
[931 sec, 3534115 itr]:      17076.8
[932 sec, 3539028 itr]:      17076.8
[933 sec, 3543933 itr]:      17076.8
[934 sec, 3548802 itr]:      17076.8
[935 sec, 3553668 itr]:      17076.8
[936 sec, 3558557 itr]:      17076.8
[937 sec, 3560000 itr]:      17076.8
[938 sec, 3560000 itr]:      17076.8
[939 sec, 3563364 itr]:      17076.8
[940 sec, 3568189 itr]:      17076.8
[ optimality gap     ]:      100.00%
[941 sec, 3572977 itr]:      17076.8
[942 sec, 3577761 itr]:      17076.8
[943 sec, 3582614 itr]:      17076.8
[944 sec, 3587507 itr]:      17076.8
[945 sec, 3592386 itr]:      17076.8
[946 sec, 3597170 itr]:      17076.8
[947 sec, 3600000 itr]:      17076.8
[948 sec, 3600000 itr]:      17076.8
[949 sec, 3600000 itr]:      17076.8
[950 sec, 3604199 itr]:      17076.8
[ optimality gap     ]:      100.00%
[951 sec, 3609051 itr]:      17076.8
[952 sec, 3613985 itr]:      17076.8
[953 sec, 3618948 itr]:      17076.8
[954 sec, 3623798 itr]:      17076.8
[955 sec, 3628663 itr]:      17076.8
[956 sec, 3633532 itr]:      17076.8
[957 sec, 3638335 itr]:      17076.8
[958 sec, 3640000 itr]:      17076.8
[959 sec, 3640000 itr]:      17076.8
[960 sec, 3643993 itr]:      17076.8
[ optimality gap     ]:      100.00%
[961 sec, 3648906 itr]:      17076.8
[962 sec, 3653816 itr]:      17076.8
[963 sec, 3658681 itr]:      17076.8
[964 sec, 3663580 itr]:      17076.8
[965 sec, 3668412 itr]:      17076.8
[966 sec, 3673249 itr]:      17076.8
[967 sec, 3678150 itr]:      17076.8
[968 sec, 3680000 itr]:      17076.8
[969 sec, 3680000 itr]:      17076.8
[970 sec, 3680749 itr]:      17076.8
[ optimality gap     ]:      100.00%
[971 sec, 3685558 itr]:      17076.8
[972 sec, 3690424 itr]:      17076.8
[973 sec, 3695286 itr]:      17076.8
[974 sec, 3700079 itr]:      17076.8
[975 sec, 3704911 itr]:      17076.8
[976 sec, 3709916 itr]:      17076.8
[977 sec, 3714889 itr]:      17076.8
[978 sec, 3719823 itr]:      17076.8
[979 sec, 3720000 itr]:      17076.8
[980 sec, 3721257 itr]:      17076.8
[ optimality gap     ]:      100.00%
[981 sec, 3726152 itr]:      17076.8
[982 sec, 3731133 itr]:      17076.8
[983 sec, 3736053 itr]:      17076.8
[984 sec, 3740883 itr]:      17076.8
[985 sec, 3745729 itr]:      17076.8
[986 sec, 3750587 itr]:      17076.8
[987 sec, 3755468 itr]:      17076.8
[988 sec, 3760000 itr]:      17076.8
[989 sec, 3760000 itr]:      17076.8
[990 sec, 3760000 itr]:      17076.8
[ optimality gap     ]:      100.00%
[991 sec, 3764903 itr]:      17076.8
[992 sec, 3769892 itr]:      17076.8
[993 sec, 3774883 itr]:      17076.8
[994 sec, 3779834 itr]:      17076.8
[995 sec, 3784693 itr]:      17076.8
[996 sec, 3789568 itr]:      17076.8
[997 sec, 3794461 itr]:      17076.8
[998 sec, 3799040 itr]:      17076.8
[999 sec, 3800000 itr]:      17076.8
[1000 sec, 3800000 itr]:      17076.8
[ optimality gap      ]:      100.00%
[1001 sec, 3803089 itr]:      17076.8
[1002 sec, 3807902 itr]:      17076.8
[1003 sec, 3812834 itr]:      17076.8
[1004 sec, 3817704 itr]:      17076.8
[1005 sec, 3822620 itr]:      17076.8
[1006 sec, 3827511 itr]:      17076.8
[1007 sec, 3832318 itr]:      17076.8
[1008 sec, 3837154 itr]:      17076.8
[1009 sec, 3840000 itr]:      17076.8
[1010 sec, 3840000 itr]:      17076.8
[ optimality gap      ]:      100.00%
[1011 sec, 3844383 itr]:      17076.8
[1012 sec, 3849314 itr]:      17076.8
[1013 sec, 3854115 itr]:      17076.8
[1014 sec, 3858972 itr]:      17076.8
[1015 sec, 3863809 itr]:      17076.8
[1016 sec, 3868678 itr]:      17076.8
[1017 sec, 3873577 itr]:      17076.8
[1018 sec, 3878246 itr]:      17076.8
[1019 sec, 3880000 itr]:      17076.8
[1020 sec, 3880000 itr]:      17076.8
[ optimality gap      ]:      100.00%
[1021 sec, 3883286 itr]:      17076.8
[1022 sec, 3888025 itr]:      17076.8
[1023 sec, 3892816 itr]:      17076.8
[1024 sec, 3897706 itr]:      17076.8
[1025 sec, 3902487 itr]:      17076.8
[1026 sec, 3907354 itr]:      17076.8
[1027 sec, 3912282 itr]:      17076.8
[1028 sec, 3917226 itr]:      17076.8
[1029 sec, 3920000 itr]:      17076.8
[1030 sec, 3920000 itr]:      17076.8
[ optimality gap      ]:      100.00%
[1031 sec, 3920174 itr]:      17076.8
[1032 sec, 3925162 itr]:      17076.8
[1033 sec, 3930067 itr]:      17076.8
[1034 sec, 3934960 itr]:      17076.8
[1035 sec, 3939816 itr]:      17076.8
[1036 sec, 3944666 itr]:      17076.8
[1037 sec, 3949617 itr]:      17076.8
[1038 sec, 3954552 itr]:      17076.8
[1039 sec, 3959491 itr]:      17076.8
[1040 sec, 3960000 itr]:      17076.8
[ optimality gap      ]:      100.00%
[1041 sec, 3960000 itr]:      17076.8
[1042 sec, 3960000 itr]:      17076.8
[1043 sec, 3964405 itr]:      17076.8
[1044 sec, 3969305 itr]:      17076.8
[1045 sec, 3974213 itr]:      17076.8
[1046 sec, 3979092 itr]:      17076.8
[1047 sec, 3984019 itr]:      17076.8
[1048 sec, 3988671 itr]:      17076.8
[1049 sec, 3993592 itr]:      17076.8
[1050 sec, 3998508 itr]:      17076.8
[ optimality gap      ]:      100.00%
[1051 sec, 4000000 itr]:      17076.8
[1052 sec, 4000000 itr]:      17076.8
[1053 sec, 4000000 itr]:      17076.8
[1054 sec, 4003521 itr]:      17076.8
[1055 sec, 4008435 itr]:      17076.8
[1056 sec, 4013279 itr]:      17076.8
[1057 sec, 4018170 itr]:      17076.8
[1058 sec, 4022910 itr]:      17076.8
[1059 sec, 4027483 itr]:      17076.8
[1060 sec, 4032324 itr]:      17076.8
[ optimality gap      ]:      100.00%
[1061 sec, 4037171 itr]:      17076.8
[1062 sec, 4040000 itr]:      17076.8
[1063 sec, 4040000 itr]:      17076.8
[1064 sec, 4042832 itr]:      17076.8
[1065 sec, 4047750 itr]:      17076.8
[1066 sec, 4052684 itr]:      17048.8
[1067 sec, 4057602 itr]:      17048.8
[1068 sec, 4062367 itr]:      17048.8
[1069 sec, 4067260 itr]:      17048.8
[1070 sec, 4072136 itr]:      17048.8
[ optimality gap      ]:      100.00%
[1071 sec, 4076984 itr]:      17048.8
[1072 sec, 4080000 itr]:      17048.8
[1073 sec, 4080000 itr]:      17048.8
[1074 sec, 4081618 itr]:      17048.8
[1075 sec, 4086559 itr]:      17048.8
[1076 sec, 4091522 itr]:      17048.8
[1077 sec, 4096485 itr]:      17048.8
[1078 sec, 4101453 itr]:      17048.8
[1079 sec, 4106323 itr]:      17048.8
[1080 sec, 4111253 itr]:      17048.8
[ optimality gap      ]:      100.00%
[1081 sec, 4116089 itr]:      17048.8
[1082 sec, 4120000 itr]:      17048.8
[1083 sec, 4120000 itr]:      17048.8
[1084 sec, 4120000 itr]:      17048.8
[1085 sec, 4122460 itr]:      17048.8
[1086 sec, 4127330 itr]:      17048.8
[1087 sec, 4132267 itr]:      17048.8
[1088 sec, 4137130 itr]:      17048.8
[1089 sec, 4141983 itr]:      17048.8
[1090 sec, 4146818 itr]:      17048.8
[ optimality gap      ]:      100.00%
[1091 sec, 4151641 itr]:      17048.8
[1092 sec, 4156546 itr]:      17048.8
[1093 sec, 4160000 itr]:      17048.8
[1094 sec, 4160000 itr]:      17048.8
[1095 sec, 4160000 itr]:      17048.8
[1096 sec, 4162684 itr]:      17048.8
[1097 sec, 4167637 itr]:      17048.8
[1098 sec, 4172205 itr]:      17048.8
[1099 sec, 4177147 itr]:      17048.8
[1100 sec, 4182078 itr]:      17048.8
[ optimality gap      ]:      100.00%
[1101 sec, 4187045 itr]:      17048.8
[1102 sec, 4192005 itr]:      17048.8
[1103 sec, 4196916 itr]:      17048.8
[1104 sec, 4200000 itr]:      17048.8
[1105 sec, 4200000 itr]:      17048.8
[1106 sec, 4202398 itr]:      17048.8
[1107 sec, 4207300 itr]:      17048.8
[1108 sec, 4212207 itr]:      17048.8
[1109 sec, 4217064 itr]:      17048.8
[1110 sec, 4221950 itr]:      17048.8
[ optimality gap      ]:      100.00%
[1111 sec, 4226889 itr]:      17048.8
[1112 sec, 4231844 itr]:      17048.8
[1113 sec, 4236738 itr]:      17048.8
[1114 sec, 4240000 itr]:      17048.8
[1115 sec, 4240000 itr]:      17048.8
[1116 sec, 4240000 itr]:      17048.8
[1117 sec, 4243221 itr]:      17048.8
[1118 sec, 4248061 itr]:      17048.8
[1119 sec, 4252858 itr]:      17048.8
[1120 sec, 4257623 itr]:      17048.8
[ optimality gap      ]:      100.00%
[1121 sec, 4262524 itr]:      17048.8
[1122 sec, 4267389 itr]:      17048.8
[1123 sec, 4272332 itr]:      17048.8
[1124 sec, 4277271 itr]:      17048.8
[1125 sec, 4280000 itr]:      17048.8
[1126 sec, 4280000 itr]:      17048.8
[1127 sec, 4281275 itr]:      17048.8
[1128 sec, 4286164 itr]:      17048.8
[1129 sec, 4290931 itr]:      17048.8
[1130 sec, 4295764 itr]:      17048.8
[ optimality gap      ]:      100.00%
[1131 sec, 4300613 itr]:      17048.8
[1132 sec, 4305524 itr]:      17048.8
[1133 sec, 4310382 itr]:      17048.8
[1134 sec, 4315319 itr]:      17048.8
[1135 sec, 4320000 itr]:      17048.8
[1136 sec, 4320000 itr]:      17048.8
[1137 sec, 4320000 itr]:      17048.8
[1138 sec, 4321313 itr]:      17048.8
[1139 sec, 4326185 itr]:      17048.8
[1140 sec, 4331070 itr]:      17048.8
[ optimality gap      ]:      100.00%
[1141 sec, 4335980 itr]:      17048.8
[1142 sec, 4340949 itr]:      17048.8
[1143 sec, 4345889 itr]:      17048.8
[1144 sec, 4350826 itr]:      17048.8
[1145 sec, 4355752 itr]:      17048.8
[1146 sec, 4360000 itr]:      17048.8
[1147 sec, 4360000 itr]:      17048.8
[1148 sec, 4360000 itr]:      17048.8
[1149 sec, 4364844 itr]:      17048.8
[1150 sec, 4369740 itr]:      17048.8
[ optimality gap      ]:      100.00%
[1151 sec, 4374591 itr]:      17048.8
[1152 sec, 4379470 itr]:      17048.8
[1153 sec, 4384394 itr]:      17048.8
[1154 sec, 4389380 itr]:      17048.8
[1155 sec, 4394401 itr]:      17048.8
[1156 sec, 4399394 itr]:      17048.8
[1157 sec, 4400000 itr]:      17048.8
[1158 sec, 4400000 itr]:      17048.8
[1159 sec, 4403239 itr]:      17048.8
[1160 sec, 4408232 itr]:      17048.8
[ optimality gap      ]:      100.00%
[1161 sec, 4413154 itr]:      17048.8
[1162 sec, 4418107 itr]:      17048.8
[1163 sec, 4423047 itr]:      17048.8
[1164 sec, 4427974 itr]:      17048.8
[1165 sec, 4432999 itr]:      17048.8
[1166 sec, 4437953 itr]:      17048.8
[1167 sec, 4440000 itr]:      17048.8
[1168 sec, 4440000 itr]:      17048.8
[1169 sec, 4441281 itr]:      17048.8
[1170 sec, 4446107 itr]:      17048.8
[ optimality gap      ]:      100.00%
[1171 sec, 4451005 itr]:      17048.8
[1172 sec, 4455867 itr]:      17048.8
[1173 sec, 4460805 itr]:      17048.8
[1174 sec, 4465740 itr]:      17048.8
[1175 sec, 4470630 itr]:      17048.8
[1176 sec, 4475481 itr]:      17048.8
[1177 sec, 4480000 itr]:      17048.8
[1178 sec, 4480000 itr]:      17048.8
[1179 sec, 4480000 itr]:      17048.8
[1180 sec, 4480051 itr]:      17048.8
[ optimality gap      ]:      100.00%
[1181 sec, 4484982 itr]:      17048.8
[1182 sec, 4489901 itr]:      17048.8
[1183 sec, 4494854 itr]:      17048.8
[1184 sec, 4499810 itr]:      17048.8
[1185 sec, 4504742 itr]:      17048.8
[1186 sec, 4509626 itr]:      17048.8
[1187 sec, 4514532 itr]:      17048.8
[1188 sec, 4519354 itr]:      17048.8
[1189 sec, 4520000 itr]:      17048.8
[1190 sec, 4520000 itr]:      17048.8
[ optimality gap      ]:      100.00%
[1191 sec, 4524186 itr]:      17048.8
[1192 sec, 4529077 itr]:      17048.8
[1193 sec, 4534018 itr]:      17048.8
[1194 sec, 4538956 itr]:      17048.8
[1195 sec, 4543719 itr]:      17048.8
[1196 sec, 4548603 itr]:      17048.8
[1197 sec, 4553514 itr]:      17048.8
[1198 sec, 4558058 itr]:      17048.8
[1199 sec, 4560000 itr]:      17048.8
[1200 sec, 4560000 itr]:      17048.8
[ optimality gap      ]:      100.00%
[1201 sec, 4560428 itr]:      17048.8
[1202 sec, 4565315 itr]:      17048.8
[1203 sec, 4570222 itr]:      17048.8
[1204 sec, 4575080 itr]:      17048.8
[1205 sec, 4579971 itr]:      17048.8
[1206 sec, 4584863 itr]:      17048.8
[1207 sec, 4589793 itr]:      17048.8
[1208 sec, 4594727 itr]:      17048.8
[1209 sec, 4599572 itr]:      17048.8
[1210 sec, 4600000 itr]:      17048.8
[ optimality gap      ]:      100.00%
[1211 sec, 4601624 itr]:      17048.8
[1212 sec, 4606485 itr]:      17048.8
[1213 sec, 4611437 itr]:      17048.8
[1214 sec, 4616381 itr]:      17048.8
[1215 sec, 4621381 itr]:      17048.8
[1216 sec, 4626308 itr]:      17048.8
[1217 sec, 4631264 itr]:      17048.8
[1218 sec, 4635812 itr]:      17048.8
[1219 sec, 4640000 itr]:      17048.8
[1220 sec, 4640000 itr]:      17048.8
[ optimality gap      ]:      100.00%
[1221 sec, 4640000 itr]:      17048.8
[1222 sec, 4644217 itr]:      17048.8
[1223 sec, 4649160 itr]:      17048.8
[1224 sec, 4654072 itr]:      17048.8
[1225 sec, 4659014 itr]:      17048.8
[1226 sec, 4663982 itr]:      17048.8
[1227 sec, 4668805 itr]:      17048.8
[1228 sec, 4673711 itr]:      17048.8
[1229 sec, 4678595 itr]:      17048.8
[1230 sec, 4680000 itr]:      17048.8
[ optimality gap      ]:      100.00%
[1231 sec, 4680527 itr]:      17048.8
[1232 sec, 4685420 itr]:      17048.8
[1233 sec, 4690358 itr]:      17048.8
[1234 sec, 4695317 itr]:      17048.8
[1235 sec, 4700261 itr]:      17048.8
[1236 sec, 4705229 itr]:      17048.8
[1237 sec, 4710148 itr]:      17048.8
[1238 sec, 4714783 itr]:      17048.8
[1239 sec, 4719569 itr]:      17048.8
[1240 sec, 4720000 itr]:      17048.8
[ optimality gap      ]:      100.00%
[1241 sec, 4720000 itr]:      17048.8
[1242 sec, 4720012 itr]:      17048.8
[1243 sec, 4725008 itr]:      17048.8
[1244 sec, 4729917 itr]:      17048.8
[1245 sec, 4734855 itr]:      17048.8
[1246 sec, 4739794 itr]:      17048.8
[1247 sec, 4744783 itr]:      17048.8
[1248 sec, 4749525 itr]:      17048.8
[1249 sec, 4754463 itr]:      17048.8
[1250 sec, 4759337 itr]:      17048.8
[ optimality gap      ]:      100.00%
[1251 sec, 4760000 itr]:      17048.8
[1252 sec, 4760263 itr]:      17048.8
[1253 sec, 4765144 itr]:      17048.8
[1254 sec, 4770079 itr]:      17048.8
[1255 sec, 4774992 itr]:      17048.8
[1256 sec, 4779872 itr]:      17048.8
[1257 sec, 4784780 itr]:      17048.8
[1258 sec, 4789700 itr]:      17048.8
[1259 sec, 4794350 itr]:      17048.8
[1260 sec, 4799213 itr]:      17048.8
[ optimality gap      ]:      100.00%
[1261 sec, 4800000 itr]:      17048.8
[1262 sec, 4800000 itr]:      17048.8
[1263 sec, 4801697 itr]:      17048.8
[1264 sec, 4806511 itr]:      17048.8
[1265 sec, 4811339 itr]:      17048.8
[1266 sec, 4816201 itr]:      17048.8
[1267 sec, 4821138 itr]:      17048.8
[1268 sec, 4825997 itr]:      17048.8
[1269 sec, 4830930 itr]:      17048.8
[1270 sec, 4835845 itr]:      17048.8
[ optimality gap      ]:      100.00%
[1271 sec, 4840000 itr]:      17048.8
[1272 sec, 4840000 itr]:      17048.8
[1273 sec, 4840000 itr]:      17048.8
[1274 sec, 4841429 itr]:      17048.8
[1275 sec, 4846349 itr]:      17048.8
[1276 sec, 4851381 itr]:      17048.8
[1277 sec, 4856275 itr]:      17048.8
[1278 sec, 4860921 itr]:      17048.8
[1279 sec, 4865758 itr]:      17048.8
[1280 sec, 4870747 itr]:      17048.8
[ optimality gap      ]:      100.00%
[1281 sec, 4875755 itr]:      17048.8
[1282 sec, 4880000 itr]:      17048.8
[1283 sec, 4880000 itr]:      17048.8
[1284 sec, 4880000 itr]:      17048.8
[1285 sec, 4880798 itr]:      17048.8
[1286 sec, 4885757 itr]:      17048.8
[1287 sec, 4890706 itr]:      17048.8
[1288 sec, 4895525 itr]:      17048.8
[1289 sec, 4900439 itr]:      17048.8
[1290 sec, 4905262 itr]:      17048.8
[ optimality gap      ]:      100.00%
[1291 sec, 4910147 itr]:      17048.8
[1292 sec, 4914969 itr]:      17048.8
[1293 sec, 4919799 itr]:      17048.8
[1294 sec, 4920000 itr]:      17048.8
[1295 sec, 4920000 itr]:      17048.8
[1296 sec, 4924837 itr]:      17048.8
[1297 sec, 4929784 itr]:      17048.8
[1298 sec, 4934618 itr]:      17048.8
[1299 sec, 4939434 itr]:      17048.8
[1300 sec, 4944311 itr]:      17048.8
[ optimality gap      ]:      100.00%
[1301 sec, 4949180 itr]:      17048.8
[1302 sec, 4954052 itr]:      17048.8
[1303 sec, 4958949 itr]:      17048.8
[1304 sec, 4960000 itr]:      17048.8
[1305 sec, 4960000 itr]:      17048.8
[1306 sec, 4961236 itr]:      17048.8
[1307 sec, 4966178 itr]:      17048.8
[1308 sec, 4971024 itr]:      17048.8
[1309 sec, 4975800 itr]:      17048.8
[1310 sec, 4980469 itr]:      17048.8
[ optimality gap      ]:      100.00%
[1311 sec, 4985254 itr]:      17048.8
[1312 sec, 4990121 itr]:      17048.8
[1313 sec, 4995081 itr]:      17048.8
[1314 sec, 4999983 itr]:      17048.8
[1315 sec, 5000000 itr]:      17048.8
[1316 sec, 5000000 itr]:      17048.8
[1317 sec, 5002718 itr]:      17048.8
[1318 sec, 5007428 itr]:      17048.8
[1319 sec, 5012217 itr]:      17048.8
[1320 sec, 5017043 itr]:      17048.8
[ optimality gap      ]:      100.00%
[1321 sec, 5021894 itr]:      17048.8
[1322 sec, 5026778 itr]:      17048.8
[1323 sec, 5031724 itr]:      17048.8
[1324 sec, 5036631 itr]:      17048.8
[1325 sec, 5040000 itr]:      17048.8
[1326 sec, 5040000 itr]:      17048.8
[1327 sec, 5040000 itr]:      17048.8
[1328 sec, 5042165 itr]:      17048.8
[1329 sec, 5046868 itr]:      17048.8
[1330 sec, 5051668 itr]:      17048.8
[ optimality gap      ]:      100.00%
[1331 sec, 5056445 itr]:      17048.8
[1332 sec, 5061198 itr]:      17048.8
[1333 sec, 5066066 itr]:      17048.8
[1334 sec, 5070933 itr]:      17048.8
[1335 sec, 5075855 itr]:      17048.8
[1336 sec, 5080000 itr]:      17048.8
[1337 sec, 5080000 itr]:      17048.8
[1338 sec, 5080605 itr]:      17048.8
[1339 sec, 5085463 itr]:      17048.8
[1340 sec, 5090423 itr]:      17048.8
[ optimality gap      ]:      100.00%
[1341 sec, 5095385 itr]:      17048.8
[1342 sec, 5100235 itr]:      17048.8
[1343 sec, 5105133 itr]:      17048.8
[1344 sec, 5110008 itr]:      17048.8
[1345 sec, 5114908 itr]:      17048.8
[1346 sec, 5119678 itr]:      17048.8
[1347 sec, 5120000 itr]:      17048.8
[1348 sec, 5120000 itr]:      17048.8
[1349 sec, 5120894 itr]:      17048.8
[1350 sec, 5125832 itr]:      17048.8
[ optimality gap      ]:      100.00%
[1351 sec, 5130719 itr]:      17048.8
[1352 sec, 5135551 itr]:      17048.8
[1353 sec, 5140387 itr]:      17048.8
[1354 sec, 5145252 itr]:      17048.8
[1355 sec, 5150110 itr]:      17048.8
[1356 sec, 5154912 itr]:      17048.8
[1357 sec, 5159765 itr]:      17048.8
[1358 sec, 5160000 itr]:      17048.8
[1359 sec, 5161667 itr]:      17048.8
[1360 sec, 5166580 itr]:      17048.8
[ optimality gap      ]:      100.00%
[1361 sec, 5171477 itr]:      17048.8
[1362 sec, 5176256 itr]:      17048.8
[1363 sec, 5181118 itr]:      17048.8
[1364 sec, 5186014 itr]:      17048.8
[1365 sec, 5190964 itr]:      17048.8
[1366 sec, 5195837 itr]:      17048.8
[1367 sec, 5200000 itr]:      17048.8
[1368 sec, 5200000 itr]:      17048.8
[1369 sec, 5200000 itr]:      17048.8
[1370 sec, 5204335 itr]:      17048.8
[ optimality gap      ]:      100.00%
[1371 sec, 5209207 itr]:      17048.8
[1372 sec, 5214063 itr]:      17048.8
[1373 sec, 5218907 itr]:      17048.8
[1374 sec, 5223729 itr]:      17048.8
[1375 sec, 5228592 itr]:      17048.8
[1376 sec, 5233457 itr]:      17048.8
[1377 sec, 5238362 itr]:      17048.8
[1378 sec, 5240000 itr]:      17048.8
[1379 sec, 5240000 itr]:      17048.8
[1380 sec, 5244469 itr]:      17048.8
[ optimality gap      ]:      100.00%
[1381 sec, 5249373 itr]:      17048.8
[1382 sec, 5254312 itr]:      17048.8
[1383 sec, 5259197 itr]:      17048.8
[1384 sec, 5264137 itr]:      17048.8
[1385 sec, 5269058 itr]:      17048.8
[1386 sec, 5274011 itr]:      17048.8
[1387 sec, 5278913 itr]:      17048.8
[1388 sec, 5280000 itr]:      17048.8
[1389 sec, 5280000 itr]:      17048.8
[1390 sec, 5283615 itr]:      17048.8
[ optimality gap      ]:      100.00%
[1391 sec, 5288525 itr]:      17048.8
[1392 sec, 5293416 itr]:      17048.8
[1393 sec, 5298302 itr]:      17048.8
[1394 sec, 5303140 itr]:      17048.8
[1395 sec, 5308036 itr]:      17048.8
[1396 sec, 5313015 itr]:      17048.8
[1397 sec, 5317992 itr]:      17048.8
[1398 sec, 5320000 itr]:      17048.8
[1399 sec, 5320000 itr]:      17048.8
[1400 sec, 5320000 itr]:      17048.8
[ optimality gap      ]:      100.00%
[1401 sec, 5324145 itr]:      17048.8
[1402 sec, 5329029 itr]:      17048.8
[1403 sec, 5333906 itr]:      17048.8
[1404 sec, 5338812 itr]:      17048.8
[1405 sec, 5343735 itr]:      17048.8
[1406 sec, 5348645 itr]:      17048.8
[1407 sec, 5353526 itr]:      17048.8
[1408 sec, 5358384 itr]:      17048.8
[1409 sec, 5360000 itr]:      17048.8
[1410 sec, 5360000 itr]:      17048.8
[ optimality gap      ]:      100.00%
[1411 sec, 5364343 itr]:      17048.8
[1412 sec, 5369212 itr]:      17048.8
[1413 sec, 5374197 itr]:      17048.8
[1414 sec, 5379129 itr]:      17048.8
[1415 sec, 5384040 itr]:      17048.8
[1416 sec, 5388961 itr]:      17048.8
[1417 sec, 5393890 itr]:      17048.8
[1418 sec, 5398599 itr]:      17048.8
[1419 sec, 5400000 itr]:      17048.8
[1420 sec, 5400000 itr]:      17048.8
[ optimality gap      ]:      100.00%
[1421 sec, 5400203 itr]:      17048.8
[1422 sec, 5405142 itr]:      17048.8
[1423 sec, 5409933 itr]:      17048.8
[1424 sec, 5414796 itr]:      17048.8
[1425 sec, 5419750 itr]:      17048.8
[1426 sec, 5424722 itr]:      17048.8
[1427 sec, 5429637 itr]:      17048.8
[1428 sec, 5434524 itr]:      17048.8
[1429 sec, 5439467 itr]:      17048.8
[1430 sec, 5440000 itr]:      17048.8
[ optimality gap      ]:      100.00%
[1431 sec, 5440000 itr]:      17048.8
[1432 sec, 5441819 itr]:      17048.8
[1433 sec, 5446702 itr]:      17048.8
[1434 sec, 5451587 itr]:      17048.8
[1435 sec, 5456474 itr]:      17048.8
[1436 sec, 5461400 itr]:      17048.8
[1437 sec, 5466410 itr]:      17048.8
[1438 sec, 5471174 itr]:      17048.8
[1439 sec, 5475989 itr]:      17048.8
[1440 sec, 5480000 itr]:      17048.8
[ optimality gap      ]:      100.00%
[1441 sec, 5480000 itr]:      17048.8
[1442 sec, 5480000 itr]:      17048.8
[1443 sec, 5481907 itr]:      17048.8
[1444 sec, 5486862 itr]:      17048.8
[1445 sec, 5491814 itr]:      17048.8
[1446 sec, 5496614 itr]:      17048.8
[1447 sec, 5501559 itr]:      17048.8
[1448 sec, 5506276 itr]:      17048.8
[1449 sec, 5511122 itr]:      17048.8
[1450 sec, 5516015 itr]:      17048.8
[ optimality gap      ]:      100.00%
[1451 sec, 5520000 itr]:      17048.8
[1452 sec, 5520000 itr]:      17048.8
[1453 sec, 5522833 itr]:      17048.8
[1454 sec, 5527700 itr]:      17048.8
[1455 sec, 5532484 itr]:      17048.8
[1456 sec, 5537282 itr]:      17048.8
[1457 sec, 5542029 itr]:      17048.8
[1458 sec, 5546936 itr]:      17048.8
[1459 sec, 5551745 itr]:      17048.8
[1460 sec, 5556675 itr]:      17048.8
[ optimality gap      ]:      100.00%
[1461 sec, 5560000 itr]:      17048.8
[1462 sec, 5560000 itr]:      17048.8
[1463 sec, 5560000 itr]:      17048.8
[1464 sec, 5561727 itr]:      17048.8
[1465 sec, 5566633 itr]:      17048.8
[1466 sec, 5571568 itr]:      17048.8
[1467 sec, 5576532 itr]:      17048.8
[1468 sec, 5581377 itr]:      17048.8
[1469 sec, 5586254 itr]:      17048.8
[1470 sec, 5591103 itr]:      17048.8
[ optimality gap      ]:      100.00%
[1471 sec, 5595913 itr]:      17048.8
[1472 sec, 5600000 itr]:      17048.8
[1473 sec, 5600000 itr]:      17048.8
[1474 sec, 5600000 itr]:      17048.8
[1475 sec, 5603321 itr]:      17048.8
[1476 sec, 5608276 itr]:      17048.8
[1477 sec, 5613231 itr]:      17048.8
[1478 sec, 5618082 itr]:      17048.8
[1479 sec, 5622617 itr]:      17048.8
[1480 sec, 5627487 itr]:      17048.8
[ optimality gap      ]:      100.00%
[1481 sec, 5632411 itr]:      17048.8
[1482 sec, 5637322 itr]:      17048.8
[1483 sec, 5640000 itr]:      17048.8
[1484 sec, 5640000 itr]:      17048.8
[1485 sec, 5640941 itr]:      17048.8
[1486 sec, 5645939 itr]:      17048.8
[1487 sec, 5650749 itr]:      17048.8
[1488 sec, 5655682 itr]:      17048.8
[1489 sec, 5660375 itr]:      17048.8
[1490 sec, 5665255 itr]:      17048.8
[ optimality gap      ]:      100.00%
[1491 sec, 5670175 itr]:      17048.8
[1492 sec, 5675038 itr]:      17048.8
[1493 sec, 5679921 itr]:      17048.8
[1494 sec, 5680000 itr]:      17048.8
[1495 sec, 5682496 itr]:      17048.8
[1496 sec, 5687421 itr]:      17048.8
[1497 sec, 5692268 itr]:      17048.8
[1498 sec, 5697064 itr]:      17048.8
[1499 sec, 5701944 itr]:      17048.8
[1500 sec, 5706859 itr]:      17048.8
[ optimality gap      ]:      100.00%
[1501 sec, 5711761 itr]:      17048.8
[1502 sec, 5716680 itr]:      17048.8
[1503 sec, 5720000 itr]:      17048.8
[1504 sec, 5720000 itr]:      17048.8
[1505 sec, 5720496 itr]:      17048.8
[1506 sec, 5725418 itr]:      17048.8
[1507 sec, 5730261 itr]:      17048.8
[1508 sec, 5735197 itr]:      17048.8
[1509 sec, 5740126 itr]:      17048.8
[1510 sec, 5745033 itr]:      17048.8
[ optimality gap      ]:      100.00%
[1511 sec, 5749984 itr]:      17048.8
[1512 sec, 5754912 itr]:      17048.8
[1513 sec, 5759872 itr]:      17048.8
[1514 sec, 5760000 itr]:      17048.8
[1515 sec, 5760000 itr]:      17048.8
[1516 sec, 5760292 itr]:      17048.8
[1517 sec, 5765208 itr]:      17048.8
[1518 sec, 5769914 itr]:      17048.8
[1519 sec, 5774851 itr]:      17048.8
[1520 sec, 5779515 itr]:      17048.8
[ optimality gap      ]:      100.00%
[1521 sec, 5784471 itr]:      17048.8
[1522 sec, 5789444 itr]:      17048.8
[1523 sec, 5794478 itr]:      17048.8
[1524 sec, 5799431 itr]:      17048.8
[1525 sec, 5800000 itr]:      17048.8
[1526 sec, 5800000 itr]:      17048.8
[1527 sec, 5802669 itr]:      17048.8
[1528 sec, 5807600 itr]:      17048.8
[1529 sec, 5812355 itr]:      17048.8
[1530 sec, 5817324 itr]:      17048.8
[ optimality gap      ]:      100.00%
[1531 sec, 5822035 itr]:      17048.8
[1532 sec, 5826975 itr]:      17048.8
[1533 sec, 5831917 itr]:      17048.8
[1534 sec, 5836857 itr]:      17048.8
[1535 sec, 5840000 itr]:      17048.8
[1536 sec, 5840000 itr]:      17048.8
[1537 sec, 5842839 itr]:      17048.8
[1538 sec, 5847674 itr]:      17048.8
[1539 sec, 5852609 itr]:      17048.8
[1540 sec, 5857490 itr]:      17048.8
[ optimality gap      ]:      100.00%
[1541 sec, 5862418 itr]:      17048.8
[1542 sec, 5867292 itr]:      17048.8
[1543 sec, 5872204 itr]:      17048.8
[1544 sec, 5877023 itr]:      17048.8
[1545 sec, 5880000 itr]:      17048.8
[1546 sec, 5880000 itr]:      17048.8
[1547 sec, 5883148 itr]:      17048.8
[1548 sec, 5887959 itr]:      17048.8
[1549 sec, 5892730 itr]:      17048.8
[1550 sec, 5897530 itr]:      17048.8
[ optimality gap      ]:      100.00%
[1551 sec, 5902369 itr]:      17048.8
[1552 sec, 5907144 itr]:      17048.8
[1553 sec, 5911932 itr]:      17048.8
[1554 sec, 5916730 itr]:      17048.8
[1555 sec, 5920000 itr]:      17048.8
[1556 sec, 5920000 itr]:      17048.8
[1557 sec, 5923538 itr]:      17048.8
[1558 sec, 5928387 itr]:      17048.8
[1559 sec, 5933315 itr]:      17048.8
[1560 sec, 5937900 itr]:      17048.8
[ optimality gap      ]:      100.00%
[1561 sec, 5942446 itr]:      17048.8
[1562 sec, 5947284 itr]:      17048.8
[1563 sec, 5952095 itr]:      17048.8
[1564 sec, 5956838 itr]:      17048.8
[1565 sec, 5960000 itr]:      17048.8
[1566 sec, 5960000 itr]:      17048.8
[1567 sec, 5960000 itr]:      17048.8
[1568 sec, 5961980 itr]:      17048.8
[1569 sec, 5966899 itr]:      17048.8
[1570 sec, 5971761 itr]:      17048.8
[ optimality gap      ]:      100.00%
[1571 sec, 5976708 itr]:      17048.8
[1572 sec, 5981668 itr]:      17048.8
[1573 sec, 5986655 itr]:      17048.8
[1574 sec, 5991646 itr]:      17048.8
[1575 sec, 5996531 itr]:      17048.8
[1576 sec, 6000000 itr]:      17048.8
[1577 sec, 6000000 itr]:      17048.8
[1578 sec, 6000000 itr]:      17048.8
[1579 sec, 6003314 itr]:      17048.8
[1580 sec, 6008192 itr]:      17048.8
[ optimality gap      ]:      100.00%
[1581 sec, 6013176 itr]:      17048.8
[1582 sec, 6018108 itr]:      17048.8
[1583 sec, 6023078 itr]:      17048.8
[1584 sec, 6028032 itr]:      17048.8
[1585 sec, 6032966 itr]:      17048.8
[1586 sec, 6037924 itr]:      17048.8
[1587 sec, 6040000 itr]:      17048.8
[1588 sec, 6040000 itr]:      17048.8
[1589 sec, 6041329 itr]:      17048.8
[1590 sec, 6046187 itr]:      17048.8
[ optimality gap      ]:      100.00%
[1591 sec, 6051125 itr]:      17048.8
[1592 sec, 6056040 itr]:      17048.8
[1593 sec, 6060985 itr]:      17048.8
[1594 sec, 6065896 itr]:      17048.8
[1595 sec, 6070750 itr]:      17048.8
[1596 sec, 6075594 itr]:      17048.8
[1597 sec, 6080000 itr]:      17048.8
[1598 sec, 6080000 itr]:      17048.8
[1599 sec, 6080959 itr]:      17048.8
[1600 sec, 6085851 itr]:      17048.8
[ optimality gap      ]:      100.00%
[1601 sec, 6090792 itr]:      17048.8
[1602 sec, 6095760 itr]:      17048.8
[1603 sec, 6100713 itr]:      17048.8
[1604 sec, 6105622 itr]:      17048.8
[1605 sec, 6110356 itr]:      17048.8
[1606 sec, 6115257 itr]:      17048.8
[1607 sec, 6120000 itr]:      17048.8
[1608 sec, 6120000 itr]:      17048.8
[1609 sec, 6120629 itr]:      17048.8
[1610 sec, 6125581 itr]:      17048.8
[ optimality gap      ]:      100.00%
[1611 sec, 6130557 itr]:      17048.8
[1612 sec, 6135495 itr]:      17048.8
[1613 sec, 6140456 itr]:      17048.8
[1614 sec, 6145443 itr]:      17048.8
[1615 sec, 6150375 itr]:      17048.8
[1616 sec, 6155336 itr]:      17048.8
[1617 sec, 6160000 itr]:      17048.8
[1618 sec, 6160000 itr]:      17048.8
[1619 sec, 6161112 itr]:      17048.8
[1620 sec, 6166014 itr]:      17048.8
[ optimality gap      ]:      100.00%
[1621 sec, 6170966 itr]:      17048.8
[1622 sec, 6175862 itr]:      17048.8
[1623 sec, 6180631 itr]:      17048.8
[1624 sec, 6185542 itr]:      17048.8
[1625 sec, 6190445 itr]:      17048.8
[1626 sec, 6195325 itr]:      17048.8
[1627 sec, 6200000 itr]:      17048.8
[1628 sec, 6200000 itr]:      17048.8
[1629 sec, 6200000 itr]:      17048.8
[1630 sec, 6201460 itr]:      17048.8
[ optimality gap      ]:      100.00%
[1631 sec, 6206353 itr]:      17048.8
[1632 sec, 6211234 itr]:      17048.8
[1633 sec, 6216129 itr]:      17048.8
[1634 sec, 6220959 itr]:      17048.8
[1635 sec, 6225925 itr]:      17048.8
[1636 sec, 6230914 itr]:      17048.8
[1637 sec, 6235887 itr]:      17048.8
[1638 sec, 6240000 itr]:      17048.8
[1639 sec, 6240000 itr]:      17048.8
[1640 sec, 6242207 itr]:      17048.8
[ optimality gap      ]:      100.00%
[1641 sec, 6247117 itr]:      17048.8
[1642 sec, 6251650 itr]:      17048.8
[1643 sec, 6256389 itr]:      17048.8
[1644 sec, 6261198 itr]:      17048.8
[1645 sec, 6266056 itr]:      17048.8
[1646 sec, 6270989 itr]:      17048.8
[1647 sec, 6275941 itr]:      17048.8
[1648 sec, 6280000 itr]:      17048.8
[1649 sec, 6280000 itr]:      17048.8
[1650 sec, 6280000 itr]:      17048.8
[ optimality gap      ]:      100.00%
[1651 sec, 6283626 itr]:      17048.8
[1652 sec, 6288555 itr]:      17048.8
[1653 sec, 6293497 itr]:      17048.8
[1654 sec, 6298466 itr]:      17048.8
[1655 sec, 6303404 itr]:      17048.8
[1656 sec, 6308245 itr]:      17048.8
[1657 sec, 6313046 itr]:      17048.8
[1658 sec, 6317831 itr]:      17048.8
[1659 sec, 6320000 itr]:      17048.8
[1660 sec, 6320000 itr]:      17048.8
[ optimality gap      ]:      100.00%
[1661 sec, 6321460 itr]:      17048.8
[1662 sec, 6326421 itr]:      17048.8
[1663 sec, 6331368 itr]:      17048.8
[1664 sec, 6336351 itr]:      17048.8
[1665 sec, 6341320 itr]:      17048.8
[1666 sec, 6346186 itr]:      17048.8
[1667 sec, 6351141 itr]:      17048.8
[1668 sec, 6355991 itr]:      17048.8
[1669 sec, 6360000 itr]:      17048.8
[1670 sec, 6360000 itr]:      17048.8
[ optimality gap      ]:      100.00%
[1671 sec, 6362954 itr]:      17048.8
[1672 sec, 6367886 itr]:      17048.8
[1673 sec, 6372820 itr]:      17048.8
[1674 sec, 6377707 itr]:      17048.8
[1675 sec, 6382580 itr]:      17048.8
[1676 sec, 6387433 itr]:      17048.8
[1677 sec, 6392332 itr]:      17048.8
[1678 sec, 6397234 itr]:      17048.8
[1679 sec, 6400000 itr]:      17048.8
[1680 sec, 6400000 itr]:      17048.8
[ optimality gap      ]:      100.00%
[1681 sec, 6402840 itr]:      17048.8
[1682 sec, 6407783 itr]:      17048.8
[1683 sec, 6412676 itr]:      17048.8
[1684 sec, 6417477 itr]:      17048.8
[1685 sec, 6422405 itr]:      17048.8
[1686 sec, 6427234 itr]:      17048.8
[1687 sec, 6432098 itr]:      17048.8
[1688 sec, 6436963 itr]:      17048.8
[1689 sec, 6440000 itr]:      17048.8
[1690 sec, 6440000 itr]:      17048.8
[ optimality gap      ]:      100.00%
[1691 sec, 6442399 itr]:      17048.8
[1692 sec, 6447253 itr]:      17048.8
[1693 sec, 6452155 itr]:      17048.8
[1694 sec, 6457043 itr]:      17048.8
[1695 sec, 6461920 itr]:      17048.8
[1696 sec, 6466845 itr]:      17048.8
[1697 sec, 6471767 itr]:      17048.8
[1698 sec, 6476170 itr]:      17048.8
[1699 sec, 6480000 itr]:      17048.8
[1700 sec, 6480000 itr]:      17048.8
[ optimality gap      ]:      100.00%
[1701 sec, 6482602 itr]:      17048.8
[1702 sec, 6487436 itr]:      17048.8
[1703 sec, 6492321 itr]:      17048.8
[1704 sec, 6497184 itr]:      17048.8
[1705 sec, 6502050 itr]:      17048.8
[1706 sec, 6506925 itr]:      17048.8
[1707 sec, 6511755 itr]:      17048.8
[1708 sec, 6516585 itr]:      17048.8
[1709 sec, 6520000 itr]:      17048.8
[1710 sec, 6520000 itr]:      17048.8
[ optimality gap      ]:      100.00%
[1711 sec, 6521475 itr]:      17048.8
[1712 sec, 6526412 itr]:      17048.8
[1713 sec, 6531329 itr]:      17048.8
[1714 sec, 6536212 itr]:      17048.8
[1715 sec, 6541125 itr]:      17048.8
[1716 sec, 6546053 itr]:      17048.8
[1717 sec, 6551001 itr]:      17048.8
[1718 sec, 6555753 itr]:      17048.8
[1719 sec, 6560000 itr]:      17048.8
[1720 sec, 6560000 itr]:      17048.8
[ optimality gap      ]:      100.00%
[1721 sec, 6560000 itr]:      17048.8
[1722 sec, 6564290 itr]:      17048.8
[1723 sec, 6569238 itr]:      17048.8
[1724 sec, 6574211 itr]:      17048.8
[1725 sec, 6579119 itr]:      17048.8
[1726 sec, 6583983 itr]:      17048.8
[1727 sec, 6588969 itr]:      17048.8
[1728 sec, 6593916 itr]:      17048.8
[1729 sec, 6598469 itr]:      17048.8
[1730 sec, 6600000 itr]:      17048.8
[ optimality gap      ]:      100.00%
[1731 sec, 6600000 itr]:      17048.8
[1732 sec, 6602393 itr]:      17048.8
[1733 sec, 6607260 itr]:      17048.8
[1734 sec, 6612241 itr]:      17048.8
[1735 sec, 6617049 itr]:      17048.8
[1736 sec, 6621917 itr]:      17048.8
[1737 sec, 6626769 itr]:      17048.8
[1738 sec, 6631496 itr]:      17048.8
[1739 sec, 6636350 itr]:      17048.8
[1740 sec, 6640000 itr]:      17048.8
[ optimality gap      ]:      100.00%
[1741 sec, 6640000 itr]:      17048.8
[1742 sec, 6640925 itr]:      17048.8
[1743 sec, 6645872 itr]:      17048.8
[1744 sec, 6650666 itr]:      17048.8
[1745 sec, 6655573 itr]:      17048.8
[1746 sec, 6660458 itr]:      17048.8
[1747 sec, 6665280 itr]:      17048.8
[1748 sec, 6670182 itr]:      17048.8
[1749 sec, 6674829 itr]:      17048.8
[1750 sec, 6679639 itr]:      17048.8
[ optimality gap      ]:      100.00%
[1751 sec, 6680000 itr]:      17048.8
[1752 sec, 6681797 itr]:      17048.8
[1753 sec, 6686733 itr]:      17048.8
[1754 sec, 6691729 itr]:      17048.8
[1755 sec, 6696649 itr]:      17048.8
[1756 sec, 6701591 itr]:      17048.8
[1757 sec, 6706472 itr]:      17048.8
[1758 sec, 6710970 itr]:      17048.8
[1759 sec, 6715872 itr]:      17048.8
[1760 sec, 6720000 itr]:      17048.8
[ optimality gap      ]:      100.00%
[1761 sec, 6720000 itr]:      17048.8
[1762 sec, 6720766 itr]:      17048.8
[1763 sec, 6725684 itr]:      17048.8
[1764 sec, 6730551 itr]:      17048.8
[1765 sec, 6735396 itr]:      17048.8
[1766 sec, 6740233 itr]:      17048.8
[1767 sec, 6745096 itr]:      17048.8
[1768 sec, 6749830 itr]:      17048.8
[1769 sec, 6754671 itr]:      17048.8
[1770 sec, 6759504 itr]:      17048.8
[ optimality gap      ]:      100.00%
[1771 sec, 6760000 itr]:      17048.8
[1772 sec, 6761909 itr]:      17048.8
[1773 sec, 6766850 itr]:      17048.8
[1774 sec, 6771745 itr]:      17048.8
[1775 sec, 6776663 itr]:      17048.8
[1776 sec, 6781567 itr]:      17048.8
[1777 sec, 6786497 itr]:      17048.8
[1778 sec, 6791301 itr]:      17048.8
[1779 sec, 6796137 itr]:      17048.8
[1780 sec, 6800000 itr]:      17048.8
[ optimality gap      ]:      100.00%
[1781 sec, 6800000 itr]:      17048.8
[1782 sec, 6802362 itr]:      17048.8
[1783 sec, 6807263 itr]:      17048.8
[1784 sec, 6812240 itr]:      17048.8
[1785 sec, 6817093 itr]:      17048.8
[1786 sec, 6822066 itr]:      17048.8
[1787 sec, 6827003 itr]:      17048.8
[1788 sec, 6831886 itr]:      17048.8
[1789 sec, 6836720 itr]:      17048.8
[1790 sec, 6840000 itr]:      17048.8
[ optimality gap      ]:      100.00%
[1791 sec, 6840000 itr]:      17048.8
[1792 sec, 6842169 itr]:      17048.8
[1793 sec, 6847115 itr]:      17048.8
[1794 sec, 6852045 itr]:      17048.8
[1795 sec, 6856902 itr]:      17048.8
[1796 sec, 6861829 itr]:      17048.8
[1797 sec, 6866762 itr]:      17048.8
[1798 sec, 6871708 itr]:      17048.8
[1799 sec, 6876532 itr]:      17048.8
[1800 sec, 6880000 itr]:      17048.8
[ optimality gap      ]:      100.00%
[1801 sec, 6880000 itr]:      17048.8
[1802 sec, 6880000 itr]:      17048.8
[1803 sec, 6880000 itr]:      17048.8
[1804 sec, 6884466 itr]:      17048.8
[1805 sec, 6889430 itr]:      17048.8
[1806 sec, 6894348 itr]:      17048.8
[1807 sec, 6899248 itr]:      17048.8
[1808 sec, 6904110 itr]:      17048.8
[1809 sec, 6909050 itr]:      17048.8
[1810 sec, 6914041 itr]:      17048.8
[ optimality gap      ]:      100.00%
[1811 sec, 6918982 itr]:      17048.8
[1812 sec, 6920000 itr]:      17048.8
[1813 sec, 6920000 itr]:      17048.8
[1814 sec, 6920000 itr]:      17048.8
[1815 sec, 6924592 itr]:      17048.8
[1816 sec, 6929547 itr]:      17048.8
[1817 sec, 6934537 itr]:      17048.8
[1818 sec, 6939303 itr]:      17048.8
[1819 sec, 6944203 itr]:      17048.8
[1820 sec, 6949216 itr]:      17048.8
[ optimality gap      ]:      100.00%
[1821 sec, 6954151 itr]:      17048.8
[1822 sec, 6959092 itr]:      17048.8
[1823 sec, 6960000 itr]:      17048.8
[1824 sec, 6960000 itr]:      17048.8
[1825 sec, 6960520 itr]:      17048.8
[1826 sec, 6965490 itr]:      17048.8
[1827 sec, 6970411 itr]:      17048.8
[1828 sec, 6975320 itr]:      17048.8
[1829 sec, 6980241 itr]:      17048.8
[1830 sec, 6985184 itr]:      17048.8
[ optimality gap      ]:      100.00%
[1831 sec, 6990117 itr]:      17048.8
[1832 sec, 6995119 itr]:      17048.8
[1833 sec, 7000000 itr]:      17048.8
[1834 sec, 7000000 itr]:      17048.8
[1835 sec, 7000000 itr]:      17048.8
[1836 sec, 7004075 itr]:      17048.8
[1837 sec, 7008983 itr]:      17048.8
[1838 sec, 7013758 itr]:      17048.8
[1839 sec, 7018633 itr]:      17048.8
[1840 sec, 7023588 itr]:      17048.8
[ optimality gap      ]:      100.00%
[1841 sec, 7028532 itr]:      17048.8
[1842 sec, 7033536 itr]:      17048.8
[1843 sec, 7038524 itr]:      17048.8
[1844 sec, 7040000 itr]:      17048.8
[1845 sec, 7040000 itr]:      17048.8
[1846 sec, 7042343 itr]:      17048.8
[1847 sec, 7047265 itr]:      17048.8
[1848 sec, 7052185 itr]:      17048.8
[1849 sec, 7057046 itr]:      17048.8
[1850 sec, 7062031 itr]:      17048.8
[ optimality gap      ]:      100.00%
[1851 sec, 7066992 itr]:      17048.8
[1852 sec, 7071929 itr]:      17048.8
[1853 sec, 7076907 itr]:      17048.8
[1854 sec, 7080000 itr]:      17048.8
[1855 sec, 7080000 itr]:      17048.8
[1856 sec, 7080000 itr]:      17048.8
[1857 sec, 7084855 itr]:      17048.8
[1858 sec, 7089667 itr]:      17048.8
[1859 sec, 7094566 itr]:      17048.8
[1860 sec, 7099524 itr]:      17048.8
[ optimality gap      ]:      100.00%
[1861 sec, 7104502 itr]:      17048.8
[1862 sec, 7109473 itr]:      17048.8
[1863 sec, 7114347 itr]:      17048.8
[1864 sec, 7119231 itr]:      17048.8
[1865 sec, 7120000 itr]:      17048.8
[1866 sec, 7120000 itr]:      17048.8
[1867 sec, 7121090 itr]:      17048.8
[1868 sec, 7125832 itr]:      17048.8
[1869 sec, 7130872 itr]:      17048.8
[1870 sec, 7135897 itr]:      17048.8
[ optimality gap      ]:      100.00%
[1871 sec, 7140802 itr]:      17048.8
[1872 sec, 7145711 itr]:      17048.8
[1873 sec, 7150691 itr]:      17048.8
[1874 sec, 7155612 itr]:      17048.8
[1875 sec, 7160000 itr]:      17048.8
[1876 sec, 7160000 itr]:      17048.8
[1877 sec, 7160000 itr]:      17048.8
[1878 sec, 7162037 itr]:      17048.8
[1879 sec, 7166912 itr]:      17048.8
[1880 sec, 7171684 itr]:      17048.8
[ optimality gap      ]:      100.00%
[1881 sec, 7176536 itr]:      17048.8
[1882 sec, 7181382 itr]:      17048.8
[1883 sec, 7186364 itr]:      17048.8
[1884 sec, 7191346 itr]:      17048.8
[1885 sec, 7196307 itr]:      17048.8
[1886 sec, 7200000 itr]:      17048.8
[1887 sec, 7200000 itr]:      17048.8
[1888 sec, 7202219 itr]:      17048.8
[1889 sec, 7207144 itr]:      17048.8
[1890 sec, 7212111 itr]:      17048.8
[ optimality gap      ]:      100.00%
[1891 sec, 7217044 itr]:      17048.8
[1892 sec, 7221974 itr]:      17048.8
[1893 sec, 7226865 itr]:      17048.8
[1894 sec, 7231781 itr]:      17048.8
[1895 sec, 7236698 itr]:      17048.8
[1896 sec, 7240000 itr]:      17048.8
[1897 sec, 7240000 itr]:      17048.8
[1898 sec, 7240000 itr]:      17048.8
[1899 sec, 7243760 itr]:      17048.8
[1900 sec, 7248730 itr]:      17048.8
[ optimality gap      ]:      100.00%
[1901 sec, 7253667 itr]:      17048.8
[1902 sec, 7258561 itr]:      17048.8
[1903 sec, 7263417 itr]:      17048.8
[1904 sec, 7268343 itr]:      17048.8
[1905 sec, 7273237 itr]:      17048.8
[1906 sec, 7278164 itr]:      17048.8
[1907 sec, 7280000 itr]:      17048.8
[1908 sec, 7280022 itr]:      17048.8
[1909 sec, 7284954 itr]:      17048.8
[1910 sec, 7289856 itr]:      17048.8
[ optimality gap      ]:      100.00%
[1911 sec, 7294620 itr]:      17048.8
[1912 sec, 7299558 itr]:      17048.8
[1913 sec, 7304468 itr]:      17048.8
[1914 sec, 7309369 itr]:      17048.8
[1915 sec, 7314221 itr]:      17048.8
[1916 sec, 7319110 itr]:      17048.8
[1917 sec, 7320000 itr]:      17048.8
[1918 sec, 7320000 itr]:      17048.8
[1919 sec, 7322484 itr]:      17048.8
[1920 sec, 7327369 itr]:      17048.8
[ optimality gap      ]:      100.00%
[1921 sec, 7332278 itr]:      17048.8
[1922 sec, 7337276 itr]:      17048.8
[1923 sec, 7342170 itr]:      17048.8
[1924 sec, 7347033 itr]:      17048.8
[1925 sec, 7351945 itr]:      17048.8
[1926 sec, 7356885 itr]:      17048.8
[1927 sec, 7360000 itr]:      17048.8
[1928 sec, 7360000 itr]:      17048.8
[1929 sec, 7360000 itr]:      17048.8
[1930 sec, 7364050 itr]:      17048.8
[ optimality gap      ]:      100.00%
[1931 sec, 7368882 itr]:      17048.8
[1932 sec, 7373837 itr]:      17048.8
[1933 sec, 7378763 itr]:      17048.8
[1934 sec, 7383704 itr]:      17048.8
[1935 sec, 7388594 itr]:      17048.8
[1936 sec, 7393546 itr]:      17048.8
[1937 sec, 7398537 itr]:      17048.8
[1938 sec, 7400000 itr]:      17048.8
[1939 sec, 7400000 itr]:      17048.8
[1940 sec, 7403563 itr]:      17048.8
[ optimality gap      ]:      100.00%
[1941 sec, 7408481 itr]:      17048.8
[1942 sec, 7413459 itr]:      17048.8
[1943 sec, 7418419 itr]:      17048.8
[1944 sec, 7423136 itr]:      17048.8
[1945 sec, 7428086 itr]:      17048.8
[1946 sec, 7433013 itr]:      17048.8
[1947 sec, 7437914 itr]:      17048.8
[1948 sec, 7440000 itr]:      17048.8
[1949 sec, 7440000 itr]:      17048.8
[1950 sec, 7440000 itr]:      17048.8
[ optimality gap      ]:      100.00%
[1951 sec, 7442771 itr]:      17048.8
[1952 sec, 7447675 itr]:      17048.8
[1953 sec, 7452611 itr]:      17048.8
[1954 sec, 7457541 itr]:      17048.8
[1955 sec, 7462510 itr]:      17048.8
[1956 sec, 7467431 itr]:      17048.8
[1957 sec, 7472407 itr]:      17048.8
[1958 sec, 7477263 itr]:      17048.8
[1959 sec, 7480000 itr]:      17048.8
[1960 sec, 7480000 itr]:      17048.8
[ optimality gap      ]:      100.00%
[1961 sec, 7482288 itr]:      17048.8
[1962 sec, 7487236 itr]:      17048.8
[1963 sec, 7492100 itr]:      17048.8
[1964 sec, 7497020 itr]:      17048.8
[1965 sec, 7501926 itr]:      17048.8
[1966 sec, 7506885 itr]:      17048.8
[1967 sec, 7511827 itr]:      17048.8
[1968 sec, 7516395 itr]:      17048.8
[1969 sec, 7520000 itr]:      17048.8
[1970 sec, 7520000 itr]:      17048.8
[ optimality gap      ]:      100.00%
[1971 sec, 7522330 itr]:      17048.8
[1972 sec, 7527136 itr]:      17048.8
[1973 sec, 7531995 itr]:      17048.8
[1974 sec, 7536941 itr]:      17048.8
[1975 sec, 7541801 itr]:      17048.8
[1976 sec, 7546686 itr]:      17048.8
[1977 sec, 7551614 itr]:      17048.8
[1978 sec, 7556519 itr]:      17048.8
[1979 sec, 7560000 itr]:      17048.8
[1980 sec, 7560000 itr]:      17048.8
[ optimality gap      ]:      100.00%
[1981 sec, 7561567 itr]:      17048.8
[1982 sec, 7566480 itr]:      17048.8
[1983 sec, 7571358 itr]:      17048.8
[1984 sec, 7576278 itr]:      17048.8
[1985 sec, 7581167 itr]:      17048.8
[1986 sec, 7586050 itr]:      17048.8
[1987 sec, 7591008 itr]:      17048.8
[1988 sec, 7595377 itr]:      17048.8
[1989 sec, 7600000 itr]:      17048.8
[1990 sec, 7600000 itr]:      17048.8
[ optimality gap      ]:      100.00%
[1991 sec, 7600000 itr]:      17048.8
[1992 sec, 7604594 itr]:      17048.8
[1993 sec, 7609588 itr]:      17048.8
[1994 sec, 7614565 itr]:      17048.8
[1995 sec, 7619493 itr]:      17048.8
[1996 sec, 7624429 itr]:      17048.8
[1997 sec, 7629345 itr]:      17048.8
[1998 sec, 7633927 itr]:      17048.8
[1999 sec, 7638848 itr]:      17048.8
[2000 sec, 7640000 itr]:      17048.8
[ optimality gap      ]:      100.00%
[2000 sec, 7640000 itr]:      17048.8
[ optimality gap      ]:      100.00%

7640000 iterations performed in 2000 seconds

Feasible solution: 
  obj    =      17048.8
  gap    =      100.00%
  bounds =         -inf
150
transfer first client's data transfer time: 700
current client: 2
enter enough memory state
prefetch client 0's data
computation time: 700
transfer time: 700
1400
duration: 1400
update application 0 0 0
update application 1 0 0
update application 2 5 222.513
current makespan :1400
........................................
current client: 0
enter enough memory state
prefetch client 2's data
computation time: 477.487
transfer time: 0
1877.49
duration: 477.487
update application 0 5 0
update application 1 0 0
update application 2 6 0
current makespan :1877.49
........................................
current client: 2
enter enough memory state
prefetch client 0's data
computation time: 477.487
transfer time: 0
2354.97
duration: 477.487
update application 0 6 0
update application 1 0 0
update application 2 11 0
current makespan :2354.97
........................................
current client: 0
enter not enough memory state
evict id: 2's data
prefetch id: 1's data
computation time: 1413.97
transfer time: 1200
duration: 1413.97
update application 0 17 0
update application 1 0 0
update application 2 12 0
current makespan :3768.95
........................................
current client: 1
enter enough memory state
prefetch client 0's data
computation time: 477.487
transfer time: 0
4246.44
duration: 477.487
update application 0 17 477.487
update application 1 5 0
update application 2 12 0
current makespan :4246.44
........................................
current client: 0
enter enough memory state
prefetch client 1's data
computation time: 493
transfer time: 0
4739.44
duration: 493
update application 0 23 0
update application 1 6 0
update application 2 12 0
current makespan :4739.44
........................................
current client: 1
enter enough memory state
prefetch client 0's data
computation time: 477.487
transfer time: 0
5216.92
duration: 477.487
update application 0 23 477.487
update application 1 11 0
update application 2 12 0
current makespan :5216.92
........................................
current client: 0
enter enough memory state
prefetch client 1's data
computation time: 494
transfer time: 0
5710.92
duration: 494
update application 0 29 0
update application 1 12 0
update application 2 12 0
current makespan :5710.92
........................................
current client: 1
enter enough memory state
prefetch client 0's data
computation time: 477.487
transfer time: 0
6188.41
duration: 477.487
update application 0 29 477.487
update application 1 17 0
update application 2 12 0
current makespan :6188.41
........................................
current client: 0
enter enough memory state
prefetch client 1's data
computation time: 529
transfer time: 0
6717.41
duration: 529
update application 0 35 0
update application 1 18 0
update application 2 12 0
current makespan :6717.41
........................................
current client: 1
enter enough memory state
prefetch client 0's data
computation time: 477.487
transfer time: 0
7194.9
duration: 477.487
update application 0 35 477.487
update application 1 23 0
update application 2 12 0
current makespan :7194.9
........................................
current client: 0
enter enough memory state
prefetch client 1's data
computation time: 540
transfer time: 0
7734.9
duration: 540
update application 0 41 0
update application 1 24 0
update application 2 12 0
current makespan :7734.9
........................................
current client: 1
enter enough memory state
prefetch client 0's data
computation time: 477.487
transfer time: 0
8212.39
duration: 477.487
update application 0 41 477.487
update application 1 29 0
update application 2 12 0
current makespan :8212.39
........................................
current client: 0
enter enough memory state
prefetch client 1's data
computation time: 152.273
transfer time: 0
8364.66
duration: 152.273
update application 0 43 0
update application 1 29 152.273
update application 2 12 0
current makespan :8364.66
........................................
current client: 1
enter not enough memory state
evict id: 0's data
prefetch id: 2's data
computation time: 1000
transfer time: 1000
duration: 1000
update application 0 43 0
update application 1 35 145.786
update application 2 12 0
current makespan :9364.66
........................................
current client: 2
enter enough memory state
prefetch client 1's data
computation time: 477.487
transfer time: 0
9842.15
duration: 477.487
update application 0 43 0
update application 1 36 0
update application 2 17 0
current makespan :9842.15
........................................
current client: 1
enter enough memory state
prefetch client 2's data
computation time: 477.487
transfer time: 0
10319.6
duration: 477.487
update application 0 43 0
update application 1 41 0
update application 2 17 477.487
current makespan :10319.6
........................................
current client: 2
enter enough memory state
prefetch client 1's data
computation time: 493
transfer time: 0
10812.6
duration: 493
update application 0 43 0
update application 1 41 493
update application 2 23 0
current makespan :10812.6
........................................
current client: 1
enter enough memory state
prefetch client 2's data
computation time: 496.487
transfer time: 0
11309.1
duration: 496.487
update application 0 43 0
update application 1 47 0
update application 2 24 0
current makespan :11309.1
........................................
current client: 2
enter enough memory state
prefetch client 1's data
computation time: 477.487
transfer time: 0
11786.6
duration: 477.487
update application 0 43 0
update application 1 47 477.487
update application 2 29 0
current makespan :11786.6
........................................
current client: 1
enter enough memory state
prefetch client 2's data
computation time: 500
transfer time: 0
12286.6
duration: 500
update application 0 43 0
update application 1 53 0
update application 2 29 500
current makespan :12286.6
........................................
current client: 2
enter enough memory state
prefetch client 1's data
computation time: 506.487
transfer time: 0
12793.1
duration: 506.487
update application 0 43 0
update application 1 54 0
update application 2 35 0
current makespan :12793.1
........................................
current client: 1
enter enough memory state
prefetch client 2's data
computation time: 477.487
transfer time: 0
13270.6
duration: 477.487
update application 0 43 0
update application 1 59 0
update application 2 35 477.487
current makespan :13270.6
........................................
current client: 2
enter not enough memory state
evict id: 1's data
prefetch id: 0's data
computation time: 1000
transfer time: 1000
duration: 1000
update application 0 43 0
update application 1 59 0
update application 2 41 460
current makespan :14270.6
........................................
current client: 0
enter enough memory state
prefetch client 2's data
computation time: 359.727
transfer time: 0
14630.3
duration: 359.727
update application 0 47 0
update application 1 59 0
update application 2 42 0
current makespan :14630.3
........................................
current client: 2
enter enough memory state
prefetch client 0's data
computation time: 477.487
transfer time: 0
15107.8
duration: 477.487
update application 0 47 477.487
update application 1 59 0
update application 2 47 0
current makespan :15107.8
........................................
current client: 0
enter enough memory state
prefetch client 2's data
computation time: 500
transfer time: 0
15607.8
duration: 500
update application 0 53 0
update application 1 59 0
update application 2 48 0
current makespan :15607.8
........................................
current client: 2
enter enough memory state
prefetch client 0's data
computation time: 477.487
transfer time: 0
16085.3
duration: 477.487
update application 0 53 477.487
update application 1 59 0
update application 2 53 0
current makespan :16085.3
........................................
current client: 0
enter enough memory state
prefetch client 2's data
computation time: 486
transfer time: 0
16571.3
duration: 486
update application 0 59 0
update application 1 59 0
update application 2 54 0
current makespan :16571.3
........................................
current client: 2
duration :477.487
makespan: 17048.8

